[2025-03-06T06:08:15.571+0000] {local_task_job_runner.py:123} INFO - ::group::Pre task execution logs
[2025-03-06T06:08:15.589+0000] {taskinstance.py:2614} INFO - Dependencies all met for dep_context=non-requeueable deps ti=<TaskInstance: mlbooksdb_flipkart.create_table manual__2025-03-06T06:08:04.475799+00:00 [queued]>
[2025-03-06T06:08:15.598+0000] {taskinstance.py:2614} INFO - Dependencies all met for dep_context=requeueable deps ti=<TaskInstance: mlbooksdb_flipkart.create_table manual__2025-03-06T06:08:04.475799+00:00 [queued]>
[2025-03-06T06:08:15.599+0000] {taskinstance.py:2867} INFO - Starting attempt 1 of 2
[2025-03-06T06:08:15.611+0000] {taskinstance.py:2890} INFO - Executing <Task(SQLExecuteQueryOperator): create_table> on 2025-03-06 06:08:04.475799+00:00
[2025-03-06T06:08:15.620+0000] {warnings.py:112} WARNING - /home/***/.local/lib/python3.12/site-packages/***/task/task_runner/standard_task_runner.py:70: DeprecationWarning: This process (pid=715) is multi-threaded, use of fork() may lead to deadlocks in the child.
  pid = os.fork()

[2025-03-06T06:08:15.622+0000] {standard_task_runner.py:72} INFO - Started process 717 to run task
[2025-03-06T06:08:15.622+0000] {standard_task_runner.py:104} INFO - Running: ['***', 'tasks', 'run', 'mlbooksdb_flipkart', 'create_table', 'manual__2025-03-06T06:08:04.475799+00:00', '--job-id', '34', '--raw', '--subdir', 'DAGS_FOLDER/buildmlbooksdb.py', '--cfg-path', '/tmp/tmpl5_zv5fk']
[2025-03-06T06:08:15.623+0000] {standard_task_runner.py:105} INFO - Job 34: Subtask create_table
[2025-03-06T06:08:15.699+0000] {task_command.py:467} INFO - Running <TaskInstance: mlbooksdb_flipkart.create_table manual__2025-03-06T06:08:04.475799+00:00 [running]> on host 3f07eaa845dd
[2025-03-06T06:08:15.816+0000] {taskinstance.py:3134} INFO - Exporting env vars: AIRFLOW_CTX_DAG_OWNER='***' AIRFLOW_CTX_DAG_ID='mlbooksdb_flipkart' AIRFLOW_CTX_TASK_ID='create_table' AIRFLOW_CTX_EXECUTION_DATE='2025-03-06T06:08:04.475799+00:00' AIRFLOW_CTX_TRY_NUMBER='1' AIRFLOW_CTX_DAG_RUN_ID='manual__2025-03-06T06:08:04.475799+00:00'
[2025-03-06T06:08:15.832+0000] {logging_mixin.py:190} INFO - Task instance is in running state
[2025-03-06T06:08:15.832+0000] {logging_mixin.py:190} INFO -  Previous state of the Task instance: queued
[2025-03-06T06:08:15.833+0000] {logging_mixin.py:190} INFO - Current task name:create_table state:running start_date:2025-03-06 06:08:15.590269+00:00
[2025-03-06T06:08:15.833+0000] {logging_mixin.py:190} INFO - Dag name:mlbooksdb_flipkart and current dag run status:running
[2025-03-06T06:08:15.834+0000] {taskinstance.py:732} INFO - ::endgroup::
[2025-03-06T06:08:15.835+0000] {sql.py:295} INFO - Executing: 
    CREATE TABLE IF NOT EXISTS mlbooks (
        id SERIAL PRIMARY KEY,
        title TEXT NOT NULL,
        price TEXT,
        author TEXT,
        created_at TEXT DEFAULT to_char(CURRENT_TIMESTAMP, 'DD/MM/YYYY HH24:MI')
    );
    
[2025-03-06T06:08:15.851+0000] {base.py:84} INFO - Retrieving connection 'mlbooks_collection'
[2025-03-06T06:08:15.872+0000] {base.py:84} INFO - Retrieving connection 'mlbooks_collection'
[2025-03-06T06:08:15.881+0000] {sql.py:511} INFO - Running statement: 
    CREATE TABLE IF NOT EXISTS mlbooks (
        id SERIAL PRIMARY KEY,
        title TEXT NOT NULL,
        price TEXT,
        author TEXT,
        created_at TEXT DEFAULT to_char(CURRENT_TIMESTAMP, 'DD/MM/YYYY HH24:MI')
    );
    , parameters: None
[2025-03-06T06:08:15.886+0000] {warnings.py:112} WARNING - /home/***/.local/lib/python3.12/site-packages/***/providers/common/sql/hooks/sql.py:470: DeprecationWarning: Import of fetch_all_handler from the '***.providers.common.sql.hooks' module is deprecated and will
be removed in the future. Please import it from '***.providers.common.sql.hooks.handlers'.
  result = self._make_common_data_structure(handler(cur))

[2025-03-06T06:08:15.887+0000] {warnings.py:112} WARNING - /home/***/.local/lib/python3.12/site-packages/***/providers/common/sql/hooks/sql.py:471: DeprecationWarning: Import of return_single_query_results from the '***.providers.common.sql.hooks' module is deprecated and will
be removed in the future. Please import it from '***.providers.common.sql.hooks.handlers'.
  if return_single_query_results(sql, return_last, split_statements):

[2025-03-06T06:08:15.888+0000] {warnings.py:112} WARNING - /home/***/.local/lib/python3.12/site-packages/***/providers/common/sql/hooks/sql.py:486: DeprecationWarning: Import of return_single_query_results from the '***.providers.common.sql.hooks' module is deprecated and will
be removed in the future. Please import it from '***.providers.common.sql.hooks.handlers'.
  if return_single_query_results(sql, return_last, split_statements):

[2025-03-06T06:08:15.891+0000] {warnings.py:112} WARNING - /home/***/.local/lib/python3.12/site-packages/***/providers/common/sql/operators/sql.py:311: DeprecationWarning: Import of return_single_query_results from the '***.providers.common.sql.hooks' module is deprecated and will
be removed in the future. Please import it from '***.providers.common.sql.hooks.handlers'.
  if return_single_query_results(self.sql, self.return_last, self.split_statements):

[2025-03-06T06:08:15.905+0000] {taskinstance.py:341} INFO - ::group::Post task execution logs
[2025-03-06T06:08:15.905+0000] {taskinstance.py:353} INFO - Marking task as SUCCESS. dag_id=mlbooksdb_flipkart, task_id=create_table, run_id=manual__2025-03-06T06:08:04.475799+00:00, execution_date=20250306T060804, start_date=20250306T060815, end_date=20250306T060815
[2025-03-06T06:08:15.934+0000] {logging_mixin.py:190} INFO - Task instance in success state
[2025-03-06T06:08:15.935+0000] {logging_mixin.py:190} INFO -  Previous state of the Task instance: running
[2025-03-06T06:08:15.936+0000] {logging_mixin.py:190} INFO - Dag name:mlbooksdb_flipkart queued_at:2025-03-06 06:08:04.761797+00:00
[2025-03-06T06:08:15.936+0000] {logging_mixin.py:190} INFO - Task hostname:3f07eaa845dd operator:SQLExecuteQueryOperator
[2025-03-06T06:08:15.956+0000] {local_task_job_runner.py:266} INFO - Task exited with return code 0
[2025-03-06T06:08:15.985+0000] {taskinstance.py:3901} INFO - 1 downstream tasks scheduled from follow-on schedule check
[2025-03-06T06:08:15.987+0000] {local_task_job_runner.py:245} INFO - ::endgroup::
