[2025-03-06T05:33:41.566+0000] {local_task_job_runner.py:123} INFO - ::group::Pre task execution logs
[2025-03-06T05:33:41.613+0000] {taskinstance.py:2614} INFO - Dependencies all met for dep_context=non-requeueable deps ti=<TaskInstance: mlbooksdb_flipkart.create_table manual__2025-03-06T05:25:15.334856+00:00 [queued]>
[2025-03-06T05:33:41.631+0000] {taskinstance.py:2614} INFO - Dependencies all met for dep_context=requeueable deps ti=<TaskInstance: mlbooksdb_flipkart.create_table manual__2025-03-06T05:25:15.334856+00:00 [queued]>
[2025-03-06T05:33:41.632+0000] {taskinstance.py:2867} INFO - Starting attempt 2 of 2
[2025-03-06T05:33:41.657+0000] {taskinstance.py:2890} INFO - Executing <Task(SQLExecuteQueryOperator): create_table> on 2025-03-06 05:25:15.334856+00:00
[2025-03-06T05:33:41.681+0000] {warnings.py:112} WARNING - /home/***/.local/lib/python3.12/site-packages/***/task/task_runner/standard_task_runner.py:70: DeprecationWarning: This process (pid=217) is multi-threaded, use of fork() may lead to deadlocks in the child.
  pid = os.fork()

[2025-03-06T05:33:41.684+0000] {standard_task_runner.py:72} INFO - Started process 230 to run task
[2025-03-06T05:33:41.684+0000] {standard_task_runner.py:104} INFO - Running: ['***', 'tasks', 'run', 'mlbooksdb_flipkart', 'create_table', 'manual__2025-03-06T05:25:15.334856+00:00', '--job-id', '24', '--raw', '--subdir', 'DAGS_FOLDER/buildmlbooksdb.py', '--cfg-path', '/tmp/tmpl84t0i2n']
[2025-03-06T05:33:41.686+0000] {standard_task_runner.py:105} INFO - Job 24: Subtask create_table
[2025-03-06T05:33:41.796+0000] {task_command.py:467} INFO - Running <TaskInstance: mlbooksdb_flipkart.create_table manual__2025-03-06T05:25:15.334856+00:00 [running]> on host 3f07eaa845dd
[2025-03-06T05:33:42.043+0000] {taskinstance.py:3134} INFO - Exporting env vars: AIRFLOW_CTX_DAG_OWNER='***' AIRFLOW_CTX_DAG_ID='mlbooksdb_flipkart' AIRFLOW_CTX_TASK_ID='create_table' AIRFLOW_CTX_EXECUTION_DATE='2025-03-06T05:25:15.334856+00:00' AIRFLOW_CTX_TRY_NUMBER='2' AIRFLOW_CTX_DAG_RUN_ID='manual__2025-03-06T05:25:15.334856+00:00'
[2025-03-06T05:33:42.060+0000] {logging_mixin.py:190} INFO - Task instance is in running state
[2025-03-06T05:33:42.061+0000] {logging_mixin.py:190} INFO -  Previous state of the Task instance: queued
[2025-03-06T05:33:42.062+0000] {logging_mixin.py:190} INFO - Current task name:create_table state:running start_date:2025-03-06 05:33:41.614500+00:00
[2025-03-06T05:33:42.063+0000] {logging_mixin.py:190} INFO - Dag name:mlbooksdb_flipkart and current dag run status:running
[2025-03-06T05:33:42.064+0000] {taskinstance.py:732} INFO - ::endgroup::
[2025-03-06T05:33:42.067+0000] {sql.py:295} INFO - Executing: 
    CREATE TABLE IF NOT EXISTS mlbooks (
        id SERIAL PRIMARY KEY,
        title TEXT NOT NULL,
        price TEXT,
        author TEXT,
        created_at TEXT DEFAULT to_char(CURRENT_TIMESTAMP, 'DD/MM/YYYY HH24:MI')
    );
    
[2025-03-06T05:33:42.089+0000] {base.py:84} INFO - Retrieving connection 'mlbooks_collection'
[2025-03-06T05:33:42.111+0000] {base.py:84} INFO - Retrieving connection 'mlbooks_collection'
[2025-03-06T05:33:42.123+0000] {sql.py:511} INFO - Running statement: 
    CREATE TABLE IF NOT EXISTS mlbooks (
        id SERIAL PRIMARY KEY,
        title TEXT NOT NULL,
        price TEXT,
        author TEXT,
        created_at TEXT DEFAULT to_char(CURRENT_TIMESTAMP, 'DD/MM/YYYY HH24:MI')
    );
    , parameters: None
[2025-03-06T05:33:42.128+0000] {warnings.py:112} WARNING - /home/***/.local/lib/python3.12/site-packages/***/providers/common/sql/hooks/sql.py:470: DeprecationWarning: Import of fetch_all_handler from the '***.providers.common.sql.hooks' module is deprecated and will
be removed in the future. Please import it from '***.providers.common.sql.hooks.handlers'.
  result = self._make_common_data_structure(handler(cur))

[2025-03-06T05:33:42.132+0000] {warnings.py:112} WARNING - /home/***/.local/lib/python3.12/site-packages/***/providers/common/sql/hooks/sql.py:471: DeprecationWarning: Import of return_single_query_results from the '***.providers.common.sql.hooks' module is deprecated and will
be removed in the future. Please import it from '***.providers.common.sql.hooks.handlers'.
  if return_single_query_results(sql, return_last, split_statements):

[2025-03-06T05:33:42.133+0000] {warnings.py:112} WARNING - /home/***/.local/lib/python3.12/site-packages/***/providers/common/sql/hooks/sql.py:486: DeprecationWarning: Import of return_single_query_results from the '***.providers.common.sql.hooks' module is deprecated and will
be removed in the future. Please import it from '***.providers.common.sql.hooks.handlers'.
  if return_single_query_results(sql, return_last, split_statements):

[2025-03-06T05:33:42.137+0000] {warnings.py:112} WARNING - /home/***/.local/lib/python3.12/site-packages/***/providers/common/sql/operators/sql.py:311: DeprecationWarning: Import of return_single_query_results from the '***.providers.common.sql.hooks' module is deprecated and will
be removed in the future. Please import it from '***.providers.common.sql.hooks.handlers'.
  if return_single_query_results(self.sql, self.return_last, self.split_statements):

[2025-03-06T05:33:42.154+0000] {taskinstance.py:341} INFO - ::group::Post task execution logs
[2025-03-06T05:33:42.155+0000] {taskinstance.py:353} INFO - Marking task as SUCCESS. dag_id=mlbooksdb_flipkart, task_id=create_table, run_id=manual__2025-03-06T05:25:15.334856+00:00, execution_date=20250306T052515, start_date=20250306T053341, end_date=20250306T053342
[2025-03-06T05:33:42.200+0000] {logging_mixin.py:190} INFO - Task instance in success state
[2025-03-06T05:33:42.201+0000] {logging_mixin.py:190} INFO -  Previous state of the Task instance: running
[2025-03-06T05:33:42.202+0000] {logging_mixin.py:190} INFO - Dag name:mlbooksdb_flipkart queued_at:2025-03-06 05:25:15.371350+00:00
[2025-03-06T05:33:42.203+0000] {logging_mixin.py:190} INFO - Task hostname:3f07eaa845dd operator:SQLExecuteQueryOperator
[2025-03-06T05:33:42.224+0000] {local_task_job_runner.py:266} INFO - Task exited with return code 0
[2025-03-06T05:33:42.258+0000] {taskinstance.py:3901} INFO - 1 downstream tasks scheduled from follow-on schedule check
[2025-03-06T05:33:42.260+0000] {local_task_job_runner.py:245} INFO - ::endgroup::
