[2025-03-06T08:27:57.878+0000] {local_task_job_runner.py:123} INFO - ::group::Pre task execution logs
[2025-03-06T08:27:57.905+0000] {taskinstance.py:2614} INFO - Dependencies all met for dep_context=non-requeueable deps ti=<TaskInstance: mlbooksdb_flipkart.insert_book_data manual__2025-03-06T08:19:54.237854+00:00 [queued]>
[2025-03-06T08:27:57.918+0000] {taskinstance.py:2614} INFO - Dependencies all met for dep_context=requeueable deps ti=<TaskInstance: mlbooksdb_flipkart.insert_book_data manual__2025-03-06T08:19:54.237854+00:00 [queued]>
[2025-03-06T08:27:57.919+0000] {taskinstance.py:2867} INFO - Starting attempt 1 of 2
[2025-03-06T08:27:57.939+0000] {taskinstance.py:2890} INFO - Executing <Task(SQLExecuteQueryOperator): insert_book_data> on 2025-03-06 08:19:54.237854+00:00
[2025-03-06T08:27:57.949+0000] {warnings.py:112} WARNING - /home/***/.local/lib/python3.12/site-packages/***/task/task_runner/standard_task_runner.py:70: DeprecationWarning: This process (pid=366) is multi-threaded, use of fork() may lead to deadlocks in the child.
  pid = os.fork()

[2025-03-06T08:27:57.951+0000] {standard_task_runner.py:72} INFO - Started process 368 to run task
[2025-03-06T08:27:57.951+0000] {standard_task_runner.py:104} INFO - Running: ['***', 'tasks', 'run', 'mlbooksdb_flipkart', 'insert_book_data', 'manual__2025-03-06T08:19:54.237854+00:00', '--job-id', '50', '--raw', '--subdir', 'DAGS_FOLDER/buildmlbooksdb.py', '--cfg-path', '/tmp/tmp49q0y18h']
[2025-03-06T08:27:57.953+0000] {standard_task_runner.py:105} INFO - Job 50: Subtask insert_book_data
[2025-03-06T08:27:58.018+0000] {task_command.py:467} INFO - Running <TaskInstance: mlbooksdb_flipkart.insert_book_data manual__2025-03-06T08:19:54.237854+00:00 [running]> on host 2c5581236213
[2025-03-06T08:27:58.102+0000] {logging_mixin.py:190} INFO - Generated 50 SQL statements.
[2025-03-06T08:27:58.152+0000] {taskinstance.py:3134} INFO - Exporting env vars: AIRFLOW_CTX_DAG_OWNER='***' AIRFLOW_CTX_DAG_ID='mlbooksdb_flipkart' AIRFLOW_CTX_TASK_ID='insert_book_data' AIRFLOW_CTX_EXECUTION_DATE='2025-03-06T08:19:54.237854+00:00' AIRFLOW_CTX_TRY_NUMBER='1' AIRFLOW_CTX_DAG_RUN_ID='manual__2025-03-06T08:19:54.237854+00:00'
[2025-03-06T08:27:58.155+0000] {logging_mixin.py:190} INFO - Task instance is in running state
[2025-03-06T08:27:58.156+0000] {logging_mixin.py:190} INFO -  Previous state of the Task instance: queued
[2025-03-06T08:27:58.157+0000] {logging_mixin.py:190} INFO - Current task name:insert_book_data state:running start_date:2025-03-06 08:27:57.906371+00:00
[2025-03-06T08:27:58.158+0000] {logging_mixin.py:190} INFO - Dag name:mlbooksdb_flipkart and current dag run status:running
[2025-03-06T08:27:58.158+0000] {taskinstance.py:732} INFO - ::endgroup::
[2025-03-06T08:27:58.160+0000] {sql.py:295} INFO - Executing: ["\n        INSERT INTO mlbooks (title, price, author, created_at)\n        VALUES (\n            'Machine Learning Using Python', \n            '₹599', \n            'English, Paperback, Pradhan Manaranjan',\n            to_char(NOW(), 'DD/MM/YYYY HH24:MI')\n        );\n        ", "\n        INSERT INTO mlbooks (title, price, author, created_at)\n        VALUES (\n            'Hands-On Machine Learning with Scikit-Learn, Keras, and...', \n            '₹1,899', \n            'English, Paperback, Aurélien Géron',\n            to_char(NOW(), 'DD/MM/YYYY HH24:MI')\n        );\n        ", "\n        INSERT INTO mlbooks (title, price, author, created_at)\n        VALUES (\n            'Real-World Machine Learning: 2017', \n            '₹815', \n            'English, Paperback, unknown',\n            to_char(NOW(), 'DD/MM/YYYY HH24:MI')\n        );\n        ", "\n        INSERT INTO mlbooks (title, price, author, created_at)\n        VALUES (\n            'AI and Machine Learning', \n            '₹3,726', \n            'English, Paperback, Rahman Was',\n            to_char(NOW(), 'DD/MM/YYYY HH24:MI')\n        );\n        ", "\n        INSERT INTO mlbooks (title, price, author, created_at)\n        VALUES (\n            'Image and Graphics Technologies and Applications', \n            '₹3,863', \n            'English, Paperback, unknown',\n            to_char(NOW(), 'DD/MM/YYYY HH24:MI')\n        );\n        ", "\n        INSERT INTO mlbooks (title, price, author, created_at)\n        VALUES (\n            'Machine Learning for Email: Spam Filtering and Priority...', \n            '₹550', \n            'English, Paperback, Drew Conway , John Myles White',\n            to_char(NOW(), 'DD/MM/YYYY HH24:MI')\n        );\n        ", "\n        INSERT INTO mlbooks (title, price, author, created_at)\n        VALUES (\n            'ADVANCED MACHINE LEARNING', \n            '₹243', \n            'English, Paperback, Dr. R Kumar',\n            to_char(NOW(), 'DD/MM/YYYY HH24:MI')\n        );\n        ", "\n        INSERT INTO mlbooks (title, price, author, created_at)\n        VALUES (\n            'Advanced Machine Learning Techniques', \n            '₹230', \n            'English, Paperback, A. Ramesh Babu',\n            to_char(NOW(), 'DD/MM/YYYY HH24:MI')\n        );\n        ", "\n        INSERT INTO mlbooks (title, price, author, created_at)\n        VALUES (\n            'Introduction to Machine Learning', \n            '₹140', \n            'English, Paperback, Jose Jeeva',\n            to_char(NOW(), 'DD/MM/YYYY HH24:MI')\n        );\n        ", "\n        INSERT INTO mlbooks (title, price, author, created_at)\n        VALUES (\n            'Generalized Theory of Electrical Machines, Seventh Edit...', \n            '₹336', \n            'English, Paperback, Bimbhra P.S.',\n            to_char(NOW(), 'DD/MM/YYYY HH24:MI')\n        );\n        ", "\n        INSERT INTO mlbooks (title, price, author, created_at)\n        VALUES (\n            'Machine Learning for Absolute Beginners: A Plain Englis...', \n            '₹441', \n            'Hardcover, Oliver Theobald',\n            to_char(NOW(), 'DD/MM/YYYY HH24:MI')\n        );\n        ", "\n        INSERT INTO mlbooks (title, price, author, created_at)\n        VALUES (\n            'MACHINE LEARNING - VEI (Special Edition)  - Machine Lea...', \n            '₹221', \n            'Paperback, Justin Hanson',\n            to_char(NOW(), 'DD/MM/YYYY HH24:MI')\n        );\n        ", "\n        INSERT INTO mlbooks (title, price, author, created_at)\n        VALUES (\n            'A Brief History of Intelligence', \n            '₹355', \n            'English, Paperback, Bennett Max',\n            to_char(NOW(), 'DD/MM/YYYY HH24:MI')\n        );\n        ", "\n        INSERT INTO mlbooks (title, price, author, created_at)\n        VALUES (\n            'Weapons of Math Destruction', \n            '₹278', \n            'English, Paperback, O''Neil Cathy',\n            to_char(NOW(), 'DD/MM/YYYY HH24:MI')\n        );\n        ", "\n        INSERT INTO mlbooks (title, price, author, created_at)\n        VALUES (\n            'Machine Learning, Second Edition | AICTE Recommended', \n            '₹350', \n            'English, Paperback, Chopra Rajiv',\n            to_char(NOW(), 'DD/MM/YYYY HH24:MI')\n        );\n        ", "\n        INSERT INTO mlbooks (title, price, author, created_at)\n        VALUES (\n            'Deep Learning with Python', \n            '₹3,490', \n            'English, Paperback, Chollet Francois',\n            to_char(NOW(), 'DD/MM/YYYY HH24:MI')\n        );\n        ", "\n        INSERT INTO mlbooks (title, price, author, created_at)\n        VALUES (\n            'Data Science and Machine Learning using Python', \n            '₹581', \n            'Paperback, Reema Thareja',\n            to_char(NOW(), 'DD/MM/YYYY HH24:MI')\n        );\n        ", "\n        INSERT INTO mlbooks (title, price, author, created_at)\n        VALUES (\n            'Designing Machine Learning Systems: An Iterative Proces...', \n            '₹1,346', \n            'Paperback, Chip Huyen',\n            to_char(NOW(), 'DD/MM/YYYY HH24:MI')\n        );\n        ", "\n        INSERT INTO mlbooks (title, price, author, created_at)\n        VALUES (\n            'Machine Learning (in Python and R) for Dummies', \n            '₹649', \n            'English, Paperback, Mueller John Paul',\n            to_char(NOW(), 'DD/MM/YYYY HH24:MI')\n        );\n        ", "\n        INSERT INTO mlbooks (title, price, author, created_at)\n        VALUES (\n            'Deep Learning  - Deep Learning', \n            '₹5,102', \n            'English, Hardcover, Goodfellow Ian',\n            to_char(NOW(), 'DD/MM/YYYY HH24:MI')\n        );\n        ", "\n        INSERT INTO mlbooks (title, price, author, created_at)\n        VALUES (\n            'Deep Learning', \n            '₹2,822', \n            'English, Hardcover, Bishop Christopher M.',\n            to_char(NOW(), 'DD/MM/YYYY HH24:MI')\n        );\n        ", "\n        INSERT INTO mlbooks (title, price, author, created_at)\n        VALUES (\n            'Unraveling the Mathematics of Machine Learning and Deep...', \n            '₹1,583', \n            'English, Paperback, Pradeep Tripathi',\n            to_char(NOW(), 'DD/MM/YYYY HH24:MI')\n        );\n        ", "\n        INSERT INTO mlbooks (title, price, author, created_at)\n        VALUES (\n            'Machine Learning', \n            '₹482', \n            'English, Paperback, Dutt Saikat',\n            to_char(NOW(), 'DD/MM/YYYY HH24:MI')\n        );\n        ", "\n        INSERT INTO mlbooks (title, price, author, created_at)\n        VALUES (\n            'How We Learn', \n            '₹453', \n            'English, Paperback, Dehaene Stanislas',\n            to_char(NOW(), 'DD/MM/YYYY HH24:MI')\n        );\n        ", "\n        INSERT INTO mlbooks (title, price, author, created_at)\n        VALUES (\n            'Machine Learning | AICTE Recommended', \n            '₹275', \n            'English, Paperback, Jain V.K.',\n            to_char(NOW(), 'DD/MM/YYYY HH24:MI')\n        );\n        ", "\n        INSERT INTO mlbooks (title, price, author, created_at)\n        VALUES (\n            'Machine Learning with Python Course', \n            '₹358', \n            'Hindi, Paperback, Vijayvrgiy Avishek',\n            to_char(NOW(), 'DD/MM/YYYY HH24:MI')\n        );\n        ", "\n        INSERT INTO mlbooks (title, price, author, created_at)\n        VALUES (\n            'Machine Learning for Absolute Beginners', \n            '₹328', \n            'English, Paperback, Theobald Oliver',\n            to_char(NOW(), 'DD/MM/YYYY HH24:MI')\n        );\n        ", "\n        INSERT INTO mlbooks (title, price, author, created_at)\n        VALUES (\n            'Introduction to Machine Learning', \n            '₹7,827', \n            'English, Hardcover, Alpaydin Ethem',\n            to_char(NOW(), 'DD/MM/YYYY HH24:MI')\n        );\n        ", "\n        INSERT INTO mlbooks (title, price, author, created_at)\n        VALUES (\n            'Machine Learning 1 Edition', \n            '₹500', \n            'English, Paperback, Srinivasaraghavan Anuradha',\n            to_char(NOW(), 'DD/MM/YYYY HH24:MI')\n        );\n        ", "\n        INSERT INTO mlbooks (title, price, author, created_at)\n        VALUES (\n            'Building Machine Learning Systems with Python', \n            '₹4,017', \n            'English, Electronic book text, Richert Willi',\n            to_char(NOW(), 'DD/MM/YYYY HH24:MI')\n        );\n        ", "\n        INSERT INTO mlbooks (title, price, author, created_at)\n        VALUES (\n            'Machine Learning', \n            '₹6,859', \n            'English, Hardcover, Murphy Kevin P.',\n            to_char(NOW(), 'DD/MM/YYYY HH24:MI')\n        );\n        ", "\n        INSERT INTO mlbooks (title, price, author, created_at)\n        VALUES (\n            'Probabilistic Machine Learning', \n            '₹5,854', \n            'English, Hardcover, Murphy Kevin P.',\n            to_char(NOW(), 'DD/MM/YYYY HH24:MI')\n        );\n        ", "\n        INSERT INTO mlbooks (title, price, author, created_at)\n        VALUES (\n            'Reinforcement Learning  - Richard S. Sutton with 582 Di...', \n            '₹5,950', \n            'English, Hardcover, Sutton Richard S.',\n            to_char(NOW(), 'DD/MM/YYYY HH24:MI')\n        );\n        ", "\n        INSERT INTO mlbooks (title, price, author, created_at)\n        VALUES (\n            'Probabilistic Graphical Models', \n            '₹12,314', \n            'English, Hardcover, Koller Daphne',\n            to_char(NOW(), 'DD/MM/YYYY HH24:MI')\n        );\n        ", "\n        INSERT INTO mlbooks (title, price, author, created_at)\n        VALUES (\n            'TensorFlow Machine Learning Projects', \n            '₹2,899', \n            'English, Paperback, Jain Ankit',\n            to_char(NOW(), 'DD/MM/YYYY HH24:MI')\n        );\n        ", "\n        INSERT INTO mlbooks (title, price, author, created_at)\n        VALUES (\n            'Machine Learning with the Elastic Stack', \n            '₹3,299', \n            'English, Paperback, Collier Rich',\n            to_char(NOW(), 'DD/MM/YYYY HH24:MI')\n        );\n        ", "\n        INSERT INTO mlbooks (title, price, author, created_at)\n        VALUES (\n            'Python Machine Learning By Example', \n            '₹2,248', \n            'English, Paperback, Liu Yuxi (Hayden)',\n            to_char(NOW(), 'DD/MM/YYYY HH24:MI')\n        );\n        ", "\n        INSERT INTO mlbooks (title, price, author, created_at)\n        VALUES (\n            'Python Machine Learning By Example', \n            '₹1,980', \n            'English, Paperback, Liu Yuxi (Hayden)',\n            to_char(NOW(), 'DD/MM/YYYY HH24:MI')\n        );\n        ", "\n        INSERT INTO mlbooks (title, price, author, created_at)\n        VALUES (\n            'Machine Learning for Beginners - 2nd Edition', \n            '₹678', \n            'English, Paperback, Bhasin Harsh',\n            to_char(NOW(), 'DD/MM/YYYY HH24:MI')\n        );\n        ", "\n        INSERT INTO mlbooks (title, price, author, created_at)\n        VALUES (\n            'Grokking Deep Learning', \n            '₹2,295', \n            'English, Paperback, Trask Andrew W',\n            to_char(NOW(), 'DD/MM/YYYY HH24:MI')\n        );\n        ", "\n        INSERT INTO mlbooks (title, price, author, created_at)\n        VALUES (\n            'Machine Learning for Absolute Beginners: A Plain Englis...', \n            '₹441', \n            'Hardcover, Oliver Theobald',\n            to_char(NOW(), 'DD/MM/YYYY HH24:MI')\n        );\n        ", "\n        INSERT INTO mlbooks (title, price, author, created_at)\n        VALUES (\n            'MACHINE LEARNING - VEI (Special Edition)  - Machine Lea...', \n            '₹221', \n            'Paperback, Justin Hanson',\n            to_char(NOW(), 'DD/MM/YYYY HH24:MI')\n        );\n        ", "\n        INSERT INTO mlbooks (title, price, author, created_at)\n        VALUES (\n            'The International Conference on Advanced Machine Learni...', \n            '₹49,733', \n            'English, Paperback, unknown',\n            to_char(NOW(), 'DD/MM/YYYY HH24:MI')\n        );\n        ", "\n        INSERT INTO mlbooks (title, price, author, created_at)\n        VALUES (\n            'Grokking Deep Learning', \n            '₹2,295', \n            'English, Paperback, Trask Andrew W',\n            to_char(NOW(), 'DD/MM/YYYY HH24:MI')\n        );\n        ", "\n        INSERT INTO mlbooks (title, price, author, created_at)\n        VALUES (\n            'Data-Driven Science and Engineering', \n            '₹3,439', \n            'English, Hardcover, Brunton Steven L.',\n            to_char(NOW(), 'DD/MM/YYYY HH24:MI')\n        );\n        ", "\n        INSERT INTO mlbooks (title, price, author, created_at)\n        VALUES (\n            'Quantitative Logic And Soft Computing - Proceedings Of ...', \n            '₹29,264', \n            'English, Hardcover, unknown',\n            to_char(NOW(), 'DD/MM/YYYY HH24:MI')\n        );\n        ", "\n        INSERT INTO mlbooks (title, price, author, created_at)\n        VALUES (\n            'Data Science and Machine Learning using Python', \n            '₹581', \n            'Paperback, Reema Thareja',\n            to_char(NOW(), 'DD/MM/YYYY HH24:MI')\n        );\n        ", "\n        INSERT INTO mlbooks (title, price, author, created_at)\n        VALUES (\n            'Designing Machine Learning Systems: An Iterative Proces...', \n            '₹1,346', \n            'Paperback, Chip Huyen',\n            to_char(NOW(), 'DD/MM/YYYY HH24:MI')\n        );\n        ", "\n        INSERT INTO mlbooks (title, price, author, created_at)\n        VALUES (\n            'Multisensor Fusion', \n            '₹24,767', \n            'English, Paperback, unknown',\n            to_char(NOW(), 'DD/MM/YYYY HH24:MI')\n        );\n        ", "\n        INSERT INTO mlbooks (title, price, author, created_at)\n        VALUES (\n            'Multisensor Fusion', \n            '₹24,819', \n            'English, Hardcover, unknown',\n            to_char(NOW(), 'DD/MM/YYYY HH24:MI')\n        );\n        "]
[2025-03-06T08:27:58.174+0000] {base.py:84} INFO - Retrieving connection 'mlbooks_server'
[2025-03-06T08:27:58.195+0000] {base.py:84} INFO - Retrieving connection 'mlbooks_server'
[2025-03-06T08:27:58.204+0000] {sql.py:511} INFO - Running statement: 
        INSERT INTO mlbooks (title, price, author, created_at)
        VALUES (
            'Machine Learning Using Python', 
            '₹599', 
            'English, Paperback, Pradhan Manaranjan',
            to_char(NOW(), 'DD/MM/YYYY HH24:MI')
        );
        , parameters: None
[2025-03-06T08:27:58.213+0000] {sql.py:520} INFO - Rows affected: 1
[2025-03-06T08:27:58.214+0000] {warnings.py:112} WARNING - /home/***/.local/lib/python3.12/site-packages/***/providers/common/sql/hooks/sql.py:470: DeprecationWarning: Import of fetch_all_handler from the '***.providers.common.sql.hooks' module is deprecated and will
be removed in the future. Please import it from '***.providers.common.sql.hooks.handlers'.
  result = self._make_common_data_structure(handler(cur))

[2025-03-06T08:27:58.216+0000] {warnings.py:112} WARNING - /home/***/.local/lib/python3.12/site-packages/***/providers/common/sql/hooks/sql.py:471: DeprecationWarning: Import of return_single_query_results from the '***.providers.common.sql.hooks' module is deprecated and will
be removed in the future. Please import it from '***.providers.common.sql.hooks.handlers'.
  if return_single_query_results(sql, return_last, split_statements):

[2025-03-06T08:27:58.217+0000] {sql.py:511} INFO - Running statement: 
        INSERT INTO mlbooks (title, price, author, created_at)
        VALUES (
            'Hands-On Machine Learning with Scikit-Learn, Keras, and...', 
            '₹1,899', 
            'English, Paperback, Aurélien Géron',
            to_char(NOW(), 'DD/MM/YYYY HH24:MI')
        );
        , parameters: None
[2025-03-06T08:27:58.218+0000] {sql.py:520} INFO - Rows affected: 1
[2025-03-06T08:27:58.219+0000] {sql.py:511} INFO - Running statement: 
        INSERT INTO mlbooks (title, price, author, created_at)
        VALUES (
            'Real-World Machine Learning: 2017', 
            '₹815', 
            'English, Paperback, unknown',
            to_char(NOW(), 'DD/MM/YYYY HH24:MI')
        );
        , parameters: None
[2025-03-06T08:27:58.221+0000] {sql.py:520} INFO - Rows affected: 1
[2025-03-06T08:27:58.222+0000] {sql.py:511} INFO - Running statement: 
        INSERT INTO mlbooks (title, price, author, created_at)
        VALUES (
            'AI and Machine Learning', 
            '₹3,726', 
            'English, Paperback, Rahman Was',
            to_char(NOW(), 'DD/MM/YYYY HH24:MI')
        );
        , parameters: None
[2025-03-06T08:27:58.223+0000] {sql.py:520} INFO - Rows affected: 1
[2025-03-06T08:27:58.224+0000] {sql.py:511} INFO - Running statement: 
        INSERT INTO mlbooks (title, price, author, created_at)
        VALUES (
            'Image and Graphics Technologies and Applications', 
            '₹3,863', 
            'English, Paperback, unknown',
            to_char(NOW(), 'DD/MM/YYYY HH24:MI')
        );
        , parameters: None
[2025-03-06T08:27:58.226+0000] {sql.py:520} INFO - Rows affected: 1
[2025-03-06T08:27:58.227+0000] {sql.py:511} INFO - Running statement: 
        INSERT INTO mlbooks (title, price, author, created_at)
        VALUES (
            'Machine Learning for Email: Spam Filtering and Priority...', 
            '₹550', 
            'English, Paperback, Drew Conway , John Myles White',
            to_char(NOW(), 'DD/MM/YYYY HH24:MI')
        );
        , parameters: None
[2025-03-06T08:27:58.228+0000] {sql.py:520} INFO - Rows affected: 1
[2025-03-06T08:27:58.229+0000] {sql.py:511} INFO - Running statement: 
        INSERT INTO mlbooks (title, price, author, created_at)
        VALUES (
            'ADVANCED MACHINE LEARNING', 
            '₹243', 
            'English, Paperback, Dr. R Kumar',
            to_char(NOW(), 'DD/MM/YYYY HH24:MI')
        );
        , parameters: None
[2025-03-06T08:27:58.231+0000] {sql.py:520} INFO - Rows affected: 1
[2025-03-06T08:27:58.233+0000] {sql.py:511} INFO - Running statement: 
        INSERT INTO mlbooks (title, price, author, created_at)
        VALUES (
            'Advanced Machine Learning Techniques', 
            '₹230', 
            'English, Paperback, A. Ramesh Babu',
            to_char(NOW(), 'DD/MM/YYYY HH24:MI')
        );
        , parameters: None
[2025-03-06T08:27:58.234+0000] {sql.py:520} INFO - Rows affected: 1
[2025-03-06T08:27:58.235+0000] {sql.py:511} INFO - Running statement: 
        INSERT INTO mlbooks (title, price, author, created_at)
        VALUES (
            'Introduction to Machine Learning', 
            '₹140', 
            'English, Paperback, Jose Jeeva',
            to_char(NOW(), 'DD/MM/YYYY HH24:MI')
        );
        , parameters: None
[2025-03-06T08:27:58.236+0000] {sql.py:520} INFO - Rows affected: 1
[2025-03-06T08:27:58.237+0000] {sql.py:511} INFO - Running statement: 
        INSERT INTO mlbooks (title, price, author, created_at)
        VALUES (
            'Generalized Theory of Electrical Machines, Seventh Edit...', 
            '₹336', 
            'English, Paperback, Bimbhra P.S.',
            to_char(NOW(), 'DD/MM/YYYY HH24:MI')
        );
        , parameters: None
[2025-03-06T08:27:58.238+0000] {sql.py:520} INFO - Rows affected: 1
[2025-03-06T08:27:58.239+0000] {sql.py:511} INFO - Running statement: 
        INSERT INTO mlbooks (title, price, author, created_at)
        VALUES (
            'Machine Learning for Absolute Beginners: A Plain Englis...', 
            '₹441', 
            'Hardcover, Oliver Theobald',
            to_char(NOW(), 'DD/MM/YYYY HH24:MI')
        );
        , parameters: None
[2025-03-06T08:27:58.241+0000] {sql.py:520} INFO - Rows affected: 1
[2025-03-06T08:27:58.242+0000] {sql.py:511} INFO - Running statement: 
        INSERT INTO mlbooks (title, price, author, created_at)
        VALUES (
            'MACHINE LEARNING - VEI (Special Edition)  - Machine Lea...', 
            '₹221', 
            'Paperback, Justin Hanson',
            to_char(NOW(), 'DD/MM/YYYY HH24:MI')
        );
        , parameters: None
[2025-03-06T08:27:58.243+0000] {sql.py:520} INFO - Rows affected: 1
[2025-03-06T08:27:58.244+0000] {sql.py:511} INFO - Running statement: 
        INSERT INTO mlbooks (title, price, author, created_at)
        VALUES (
            'A Brief History of Intelligence', 
            '₹355', 
            'English, Paperback, Bennett Max',
            to_char(NOW(), 'DD/MM/YYYY HH24:MI')
        );
        , parameters: None
[2025-03-06T08:27:58.245+0000] {sql.py:520} INFO - Rows affected: 1
[2025-03-06T08:27:58.246+0000] {sql.py:511} INFO - Running statement: 
        INSERT INTO mlbooks (title, price, author, created_at)
        VALUES (
            'Weapons of Math Destruction', 
            '₹278', 
            'English, Paperback, O''Neil Cathy',
            to_char(NOW(), 'DD/MM/YYYY HH24:MI')
        );
        , parameters: None
[2025-03-06T08:27:58.248+0000] {sql.py:520} INFO - Rows affected: 1
[2025-03-06T08:27:58.249+0000] {sql.py:511} INFO - Running statement: 
        INSERT INTO mlbooks (title, price, author, created_at)
        VALUES (
            'Machine Learning, Second Edition | AICTE Recommended', 
            '₹350', 
            'English, Paperback, Chopra Rajiv',
            to_char(NOW(), 'DD/MM/YYYY HH24:MI')
        );
        , parameters: None
[2025-03-06T08:27:58.250+0000] {sql.py:520} INFO - Rows affected: 1
[2025-03-06T08:27:58.251+0000] {sql.py:511} INFO - Running statement: 
        INSERT INTO mlbooks (title, price, author, created_at)
        VALUES (
            'Deep Learning with Python', 
            '₹3,490', 
            'English, Paperback, Chollet Francois',
            to_char(NOW(), 'DD/MM/YYYY HH24:MI')
        );
        , parameters: None
[2025-03-06T08:27:58.252+0000] {sql.py:520} INFO - Rows affected: 1
[2025-03-06T08:27:58.253+0000] {sql.py:511} INFO - Running statement: 
        INSERT INTO mlbooks (title, price, author, created_at)
        VALUES (
            'Data Science and Machine Learning using Python', 
            '₹581', 
            'Paperback, Reema Thareja',
            to_char(NOW(), 'DD/MM/YYYY HH24:MI')
        );
        , parameters: None
[2025-03-06T08:27:58.254+0000] {sql.py:520} INFO - Rows affected: 1
[2025-03-06T08:27:58.255+0000] {sql.py:511} INFO - Running statement: 
        INSERT INTO mlbooks (title, price, author, created_at)
        VALUES (
            'Designing Machine Learning Systems: An Iterative Proces...', 
            '₹1,346', 
            'Paperback, Chip Huyen',
            to_char(NOW(), 'DD/MM/YYYY HH24:MI')
        );
        , parameters: None
[2025-03-06T08:27:58.257+0000] {sql.py:520} INFO - Rows affected: 1
[2025-03-06T08:27:58.258+0000] {sql.py:511} INFO - Running statement: 
        INSERT INTO mlbooks (title, price, author, created_at)
        VALUES (
            'Machine Learning (in Python and R) for Dummies', 
            '₹649', 
            'English, Paperback, Mueller John Paul',
            to_char(NOW(), 'DD/MM/YYYY HH24:MI')
        );
        , parameters: None
[2025-03-06T08:27:58.259+0000] {sql.py:520} INFO - Rows affected: 1
[2025-03-06T08:27:58.260+0000] {sql.py:511} INFO - Running statement: 
        INSERT INTO mlbooks (title, price, author, created_at)
        VALUES (
            'Deep Learning  - Deep Learning', 
            '₹5,102', 
            'English, Hardcover, Goodfellow Ian',
            to_char(NOW(), 'DD/MM/YYYY HH24:MI')
        );
        , parameters: None
[2025-03-06T08:27:58.261+0000] {sql.py:520} INFO - Rows affected: 1
[2025-03-06T08:27:58.262+0000] {sql.py:511} INFO - Running statement: 
        INSERT INTO mlbooks (title, price, author, created_at)
        VALUES (
            'Deep Learning', 
            '₹2,822', 
            'English, Hardcover, Bishop Christopher M.',
            to_char(NOW(), 'DD/MM/YYYY HH24:MI')
        );
        , parameters: None
[2025-03-06T08:27:58.264+0000] {sql.py:520} INFO - Rows affected: 1
[2025-03-06T08:27:58.265+0000] {sql.py:511} INFO - Running statement: 
        INSERT INTO mlbooks (title, price, author, created_at)
        VALUES (
            'Unraveling the Mathematics of Machine Learning and Deep...', 
            '₹1,583', 
            'English, Paperback, Pradeep Tripathi',
            to_char(NOW(), 'DD/MM/YYYY HH24:MI')
        );
        , parameters: None
[2025-03-06T08:27:58.266+0000] {sql.py:520} INFO - Rows affected: 1
[2025-03-06T08:27:58.267+0000] {sql.py:511} INFO - Running statement: 
        INSERT INTO mlbooks (title, price, author, created_at)
        VALUES (
            'Machine Learning', 
            '₹482', 
            'English, Paperback, Dutt Saikat',
            to_char(NOW(), 'DD/MM/YYYY HH24:MI')
        );
        , parameters: None
[2025-03-06T08:27:58.269+0000] {sql.py:520} INFO - Rows affected: 1
[2025-03-06T08:27:58.269+0000] {sql.py:511} INFO - Running statement: 
        INSERT INTO mlbooks (title, price, author, created_at)
        VALUES (
            'How We Learn', 
            '₹453', 
            'English, Paperback, Dehaene Stanislas',
            to_char(NOW(), 'DD/MM/YYYY HH24:MI')
        );
        , parameters: None
[2025-03-06T08:27:58.271+0000] {sql.py:520} INFO - Rows affected: 1
[2025-03-06T08:27:58.272+0000] {sql.py:511} INFO - Running statement: 
        INSERT INTO mlbooks (title, price, author, created_at)
        VALUES (
            'Machine Learning | AICTE Recommended', 
            '₹275', 
            'English, Paperback, Jain V.K.',
            to_char(NOW(), 'DD/MM/YYYY HH24:MI')
        );
        , parameters: None
[2025-03-06T08:27:58.273+0000] {sql.py:520} INFO - Rows affected: 1
[2025-03-06T08:27:58.275+0000] {sql.py:511} INFO - Running statement: 
        INSERT INTO mlbooks (title, price, author, created_at)
        VALUES (
            'Machine Learning with Python Course', 
            '₹358', 
            'Hindi, Paperback, Vijayvrgiy Avishek',
            to_char(NOW(), 'DD/MM/YYYY HH24:MI')
        );
        , parameters: None
[2025-03-06T08:27:58.276+0000] {sql.py:520} INFO - Rows affected: 1
[2025-03-06T08:27:58.277+0000] {sql.py:511} INFO - Running statement: 
        INSERT INTO mlbooks (title, price, author, created_at)
        VALUES (
            'Machine Learning for Absolute Beginners', 
            '₹328', 
            'English, Paperback, Theobald Oliver',
            to_char(NOW(), 'DD/MM/YYYY HH24:MI')
        );
        , parameters: None
[2025-03-06T08:27:58.279+0000] {sql.py:520} INFO - Rows affected: 1
[2025-03-06T08:27:58.280+0000] {sql.py:511} INFO - Running statement: 
        INSERT INTO mlbooks (title, price, author, created_at)
        VALUES (
            'Introduction to Machine Learning', 
            '₹7,827', 
            'English, Hardcover, Alpaydin Ethem',
            to_char(NOW(), 'DD/MM/YYYY HH24:MI')
        );
        , parameters: None
[2025-03-06T08:27:58.282+0000] {sql.py:520} INFO - Rows affected: 1
[2025-03-06T08:27:58.283+0000] {sql.py:511} INFO - Running statement: 
        INSERT INTO mlbooks (title, price, author, created_at)
        VALUES (
            'Machine Learning 1 Edition', 
            '₹500', 
            'English, Paperback, Srinivasaraghavan Anuradha',
            to_char(NOW(), 'DD/MM/YYYY HH24:MI')
        );
        , parameters: None
[2025-03-06T08:27:58.284+0000] {sql.py:520} INFO - Rows affected: 1
[2025-03-06T08:27:58.285+0000] {sql.py:511} INFO - Running statement: 
        INSERT INTO mlbooks (title, price, author, created_at)
        VALUES (
            'Building Machine Learning Systems with Python', 
            '₹4,017', 
            'English, Electronic book text, Richert Willi',
            to_char(NOW(), 'DD/MM/YYYY HH24:MI')
        );
        , parameters: None
[2025-03-06T08:27:58.286+0000] {sql.py:520} INFO - Rows affected: 1
[2025-03-06T08:27:58.288+0000] {sql.py:511} INFO - Running statement: 
        INSERT INTO mlbooks (title, price, author, created_at)
        VALUES (
            'Machine Learning', 
            '₹6,859', 
            'English, Hardcover, Murphy Kevin P.',
            to_char(NOW(), 'DD/MM/YYYY HH24:MI')
        );
        , parameters: None
[2025-03-06T08:27:58.289+0000] {sql.py:520} INFO - Rows affected: 1
[2025-03-06T08:27:58.291+0000] {sql.py:511} INFO - Running statement: 
        INSERT INTO mlbooks (title, price, author, created_at)
        VALUES (
            'Probabilistic Machine Learning', 
            '₹5,854', 
            'English, Hardcover, Murphy Kevin P.',
            to_char(NOW(), 'DD/MM/YYYY HH24:MI')
        );
        , parameters: None
[2025-03-06T08:27:58.293+0000] {sql.py:520} INFO - Rows affected: 1
[2025-03-06T08:27:58.294+0000] {sql.py:511} INFO - Running statement: 
        INSERT INTO mlbooks (title, price, author, created_at)
        VALUES (
            'Reinforcement Learning  - Richard S. Sutton with 582 Di...', 
            '₹5,950', 
            'English, Hardcover, Sutton Richard S.',
            to_char(NOW(), 'DD/MM/YYYY HH24:MI')
        );
        , parameters: None
[2025-03-06T08:27:58.295+0000] {sql.py:520} INFO - Rows affected: 1
[2025-03-06T08:27:58.296+0000] {sql.py:511} INFO - Running statement: 
        INSERT INTO mlbooks (title, price, author, created_at)
        VALUES (
            'Probabilistic Graphical Models', 
            '₹12,314', 
            'English, Hardcover, Koller Daphne',
            to_char(NOW(), 'DD/MM/YYYY HH24:MI')
        );
        , parameters: None
[2025-03-06T08:27:58.298+0000] {sql.py:520} INFO - Rows affected: 1
[2025-03-06T08:27:58.299+0000] {sql.py:511} INFO - Running statement: 
        INSERT INTO mlbooks (title, price, author, created_at)
        VALUES (
            'TensorFlow Machine Learning Projects', 
            '₹2,899', 
            'English, Paperback, Jain Ankit',
            to_char(NOW(), 'DD/MM/YYYY HH24:MI')
        );
        , parameters: None
[2025-03-06T08:27:58.301+0000] {sql.py:520} INFO - Rows affected: 1
[2025-03-06T08:27:58.302+0000] {sql.py:511} INFO - Running statement: 
        INSERT INTO mlbooks (title, price, author, created_at)
        VALUES (
            'Machine Learning with the Elastic Stack', 
            '₹3,299', 
            'English, Paperback, Collier Rich',
            to_char(NOW(), 'DD/MM/YYYY HH24:MI')
        );
        , parameters: None
[2025-03-06T08:27:58.303+0000] {sql.py:520} INFO - Rows affected: 1
[2025-03-06T08:27:58.305+0000] {sql.py:511} INFO - Running statement: 
        INSERT INTO mlbooks (title, price, author, created_at)
        VALUES (
            'Python Machine Learning By Example', 
            '₹2,248', 
            'English, Paperback, Liu Yuxi (Hayden)',
            to_char(NOW(), 'DD/MM/YYYY HH24:MI')
        );
        , parameters: None
[2025-03-06T08:27:58.306+0000] {sql.py:520} INFO - Rows affected: 1
[2025-03-06T08:27:58.307+0000] {sql.py:511} INFO - Running statement: 
        INSERT INTO mlbooks (title, price, author, created_at)
        VALUES (
            'Python Machine Learning By Example', 
            '₹1,980', 
            'English, Paperback, Liu Yuxi (Hayden)',
            to_char(NOW(), 'DD/MM/YYYY HH24:MI')
        );
        , parameters: None
[2025-03-06T08:27:58.309+0000] {sql.py:520} INFO - Rows affected: 1
[2025-03-06T08:27:58.310+0000] {sql.py:511} INFO - Running statement: 
        INSERT INTO mlbooks (title, price, author, created_at)
        VALUES (
            'Machine Learning for Beginners - 2nd Edition', 
            '₹678', 
            'English, Paperback, Bhasin Harsh',
            to_char(NOW(), 'DD/MM/YYYY HH24:MI')
        );
        , parameters: None
[2025-03-06T08:27:58.311+0000] {sql.py:520} INFO - Rows affected: 1
[2025-03-06T08:27:58.312+0000] {sql.py:511} INFO - Running statement: 
        INSERT INTO mlbooks (title, price, author, created_at)
        VALUES (
            'Grokking Deep Learning', 
            '₹2,295', 
            'English, Paperback, Trask Andrew W',
            to_char(NOW(), 'DD/MM/YYYY HH24:MI')
        );
        , parameters: None
[2025-03-06T08:27:58.314+0000] {sql.py:520} INFO - Rows affected: 1
[2025-03-06T08:27:58.315+0000] {sql.py:511} INFO - Running statement: 
        INSERT INTO mlbooks (title, price, author, created_at)
        VALUES (
            'Machine Learning for Absolute Beginners: A Plain Englis...', 
            '₹441', 
            'Hardcover, Oliver Theobald',
            to_char(NOW(), 'DD/MM/YYYY HH24:MI')
        );
        , parameters: None
[2025-03-06T08:27:58.316+0000] {sql.py:520} INFO - Rows affected: 1
[2025-03-06T08:27:58.317+0000] {sql.py:511} INFO - Running statement: 
        INSERT INTO mlbooks (title, price, author, created_at)
        VALUES (
            'MACHINE LEARNING - VEI (Special Edition)  - Machine Lea...', 
            '₹221', 
            'Paperback, Justin Hanson',
            to_char(NOW(), 'DD/MM/YYYY HH24:MI')
        );
        , parameters: None
[2025-03-06T08:27:58.318+0000] {sql.py:520} INFO - Rows affected: 1
[2025-03-06T08:27:58.319+0000] {sql.py:511} INFO - Running statement: 
        INSERT INTO mlbooks (title, price, author, created_at)
        VALUES (
            'The International Conference on Advanced Machine Learni...', 
            '₹49,733', 
            'English, Paperback, unknown',
            to_char(NOW(), 'DD/MM/YYYY HH24:MI')
        );
        , parameters: None
[2025-03-06T08:27:58.321+0000] {sql.py:520} INFO - Rows affected: 1
[2025-03-06T08:27:58.322+0000] {sql.py:511} INFO - Running statement: 
        INSERT INTO mlbooks (title, price, author, created_at)
        VALUES (
            'Grokking Deep Learning', 
            '₹2,295', 
            'English, Paperback, Trask Andrew W',
            to_char(NOW(), 'DD/MM/YYYY HH24:MI')
        );
        , parameters: None
[2025-03-06T08:27:58.324+0000] {sql.py:520} INFO - Rows affected: 1
[2025-03-06T08:27:58.325+0000] {sql.py:511} INFO - Running statement: 
        INSERT INTO mlbooks (title, price, author, created_at)
        VALUES (
            'Data-Driven Science and Engineering', 
            '₹3,439', 
            'English, Hardcover, Brunton Steven L.',
            to_char(NOW(), 'DD/MM/YYYY HH24:MI')
        );
        , parameters: None
[2025-03-06T08:27:58.326+0000] {sql.py:520} INFO - Rows affected: 1
[2025-03-06T08:27:58.327+0000] {sql.py:511} INFO - Running statement: 
        INSERT INTO mlbooks (title, price, author, created_at)
        VALUES (
            'Quantitative Logic And Soft Computing - Proceedings Of ...', 
            '₹29,264', 
            'English, Hardcover, unknown',
            to_char(NOW(), 'DD/MM/YYYY HH24:MI')
        );
        , parameters: None
[2025-03-06T08:27:58.329+0000] {sql.py:520} INFO - Rows affected: 1
[2025-03-06T08:27:58.330+0000] {sql.py:511} INFO - Running statement: 
        INSERT INTO mlbooks (title, price, author, created_at)
        VALUES (
            'Data Science and Machine Learning using Python', 
            '₹581', 
            'Paperback, Reema Thareja',
            to_char(NOW(), 'DD/MM/YYYY HH24:MI')
        );
        , parameters: None
[2025-03-06T08:27:58.331+0000] {sql.py:520} INFO - Rows affected: 1
[2025-03-06T08:27:58.332+0000] {sql.py:511} INFO - Running statement: 
        INSERT INTO mlbooks (title, price, author, created_at)
        VALUES (
            'Designing Machine Learning Systems: An Iterative Proces...', 
            '₹1,346', 
            'Paperback, Chip Huyen',
            to_char(NOW(), 'DD/MM/YYYY HH24:MI')
        );
        , parameters: None
[2025-03-06T08:27:58.333+0000] {sql.py:520} INFO - Rows affected: 1
[2025-03-06T08:27:58.334+0000] {sql.py:511} INFO - Running statement: 
        INSERT INTO mlbooks (title, price, author, created_at)
        VALUES (
            'Multisensor Fusion', 
            '₹24,767', 
            'English, Paperback, unknown',
            to_char(NOW(), 'DD/MM/YYYY HH24:MI')
        );
        , parameters: None
[2025-03-06T08:27:58.336+0000] {sql.py:520} INFO - Rows affected: 1
[2025-03-06T08:27:58.336+0000] {sql.py:511} INFO - Running statement: 
        INSERT INTO mlbooks (title, price, author, created_at)
        VALUES (
            'Multisensor Fusion', 
            '₹24,819', 
            'English, Hardcover, unknown',
            to_char(NOW(), 'DD/MM/YYYY HH24:MI')
        );
        , parameters: None
[2025-03-06T08:27:58.338+0000] {sql.py:520} INFO - Rows affected: 1
[2025-03-06T08:27:58.341+0000] {warnings.py:112} WARNING - /home/***/.local/lib/python3.12/site-packages/***/providers/common/sql/hooks/sql.py:486: DeprecationWarning: Import of return_single_query_results from the '***.providers.common.sql.hooks' module is deprecated and will
be removed in the future. Please import it from '***.providers.common.sql.hooks.handlers'.
  if return_single_query_results(sql, return_last, split_statements):

[2025-03-06T08:27:58.343+0000] {warnings.py:112} WARNING - /home/***/.local/lib/python3.12/site-packages/***/providers/common/sql/operators/sql.py:311: DeprecationWarning: Import of return_single_query_results from the '***.providers.common.sql.hooks' module is deprecated and will
be removed in the future. Please import it from '***.providers.common.sql.hooks.handlers'.
  if return_single_query_results(self.sql, self.return_last, self.split_statements):

[2025-03-06T08:27:58.344+0000] {sql.py:317} INFO - result: [None, None, None, None, None, None, None, None, None, None, None, None, None, None, None, None, None, None, None, None, None, None, None, None, None, None, None, None, None, None, None, None, None, None, None, None, None, None, None, None, None, None, None, None, None, None, None, None, None, None]
[2025-03-06T08:27:58.388+0000] {taskinstance.py:341} INFO - ::group::Post task execution logs
[2025-03-06T08:27:58.389+0000] {taskinstance.py:353} INFO - Marking task as SUCCESS. dag_id=mlbooksdb_flipkart, task_id=insert_book_data, run_id=manual__2025-03-06T08:19:54.237854+00:00, execution_date=20250306T081954, start_date=20250306T082757, end_date=20250306T082758
[2025-03-06T08:27:58.422+0000] {logging_mixin.py:190} INFO - Task instance in success state
[2025-03-06T08:27:58.423+0000] {logging_mixin.py:190} INFO -  Previous state of the Task instance: running
[2025-03-06T08:27:58.424+0000] {logging_mixin.py:190} INFO - Dag name:mlbooksdb_flipkart queued_at:2025-03-06 08:19:54.320934+00:00
[2025-03-06T08:27:58.425+0000] {logging_mixin.py:190} INFO - Task hostname:2c5581236213 operator:SQLExecuteQueryOperator
[2025-03-06T08:27:58.450+0000] {local_task_job_runner.py:266} INFO - Task exited with return code 0
[2025-03-06T08:27:58.471+0000] {taskinstance.py:3901} INFO - 0 downstream tasks scheduled from follow-on schedule check
[2025-03-06T08:27:58.474+0000] {local_task_job_runner.py:245} INFO - ::endgroup::
