[2025-03-06T05:13:49.871+0000] {local_task_job_runner.py:123} INFO - ::group::Pre task execution logs
[2025-03-06T05:13:49.886+0000] {taskinstance.py:2614} INFO - Dependencies all met for dep_context=non-requeueable deps ti=<TaskInstance: mlbooksdb_flipkart.fetch_mlbooks_data manual__2025-03-06T05:13:47.191335+00:00 [queued]>
[2025-03-06T05:13:49.894+0000] {taskinstance.py:2614} INFO - Dependencies all met for dep_context=requeueable deps ti=<TaskInstance: mlbooksdb_flipkart.fetch_mlbooks_data manual__2025-03-06T05:13:47.191335+00:00 [queued]>
[2025-03-06T05:13:49.894+0000] {taskinstance.py:2867} INFO - Starting attempt 1 of 2
[2025-03-06T05:13:49.907+0000] {taskinstance.py:2890} INFO - Executing <Task(PythonOperator): fetch_mlbooks_data> on 2025-03-06 05:13:47.191335+00:00
[2025-03-06T05:13:49.916+0000] {warnings.py:112} WARNING - /home/***/.local/lib/python3.12/site-packages/***/task/task_runner/standard_task_runner.py:70: DeprecationWarning: This process (pid=403) is multi-threaded, use of fork() may lead to deadlocks in the child.
  pid = os.fork()

[2025-03-06T05:13:49.918+0000] {standard_task_runner.py:72} INFO - Started process 405 to run task
[2025-03-06T05:13:49.918+0000] {standard_task_runner.py:104} INFO - Running: ['***', 'tasks', 'run', 'mlbooksdb_flipkart', 'fetch_mlbooks_data', 'manual__2025-03-06T05:13:47.191335+00:00', '--job-id', '12', '--raw', '--subdir', 'DAGS_FOLDER/buildmlbooksdb.py', '--cfg-path', '/tmp/tmpyezcyocb']
[2025-03-06T05:13:49.919+0000] {standard_task_runner.py:105} INFO - Job 12: Subtask fetch_mlbooks_data
[2025-03-06T05:13:49.979+0000] {task_command.py:467} INFO - Running <TaskInstance: mlbooksdb_flipkart.fetch_mlbooks_data manual__2025-03-06T05:13:47.191335+00:00 [running]> on host 3f07eaa845dd
[2025-03-06T05:13:50.051+0000] {taskinstance.py:3134} INFO - Exporting env vars: AIRFLOW_CTX_DAG_OWNER='***' AIRFLOW_CTX_DAG_ID='mlbooksdb_flipkart' AIRFLOW_CTX_TASK_ID='fetch_mlbooks_data' AIRFLOW_CTX_EXECUTION_DATE='2025-03-06T05:13:47.191335+00:00' AIRFLOW_CTX_TRY_NUMBER='1' AIRFLOW_CTX_DAG_RUN_ID='manual__2025-03-06T05:13:47.191335+00:00'
[2025-03-06T05:13:50.052+0000] {logging_mixin.py:190} INFO - Task instance is in running state
[2025-03-06T05:13:50.053+0000] {logging_mixin.py:190} INFO -  Previous state of the Task instance: queued
[2025-03-06T05:13:50.054+0000] {logging_mixin.py:190} INFO - Current task name:fetch_mlbooks_data state:running start_date:2025-03-06 05:13:49.888014+00:00
[2025-03-06T05:13:50.055+0000] {logging_mixin.py:190} INFO - Dag name:mlbooksdb_flipkart and current dag run status:running
[2025-03-06T05:13:50.055+0000] {taskinstance.py:732} INFO - ::endgroup::
[2025-03-06T05:13:51.215+0000] {python.py:240} INFO - Done. Returned value was: None
[2025-03-06T05:13:51.228+0000] {taskinstance.py:341} INFO - ::group::Post task execution logs
[2025-03-06T05:13:51.229+0000] {taskinstance.py:353} INFO - Marking task as SUCCESS. dag_id=mlbooksdb_flipkart, task_id=fetch_mlbooks_data, run_id=manual__2025-03-06T05:13:47.191335+00:00, execution_date=20250306T051347, start_date=20250306T051349, end_date=20250306T051351
[2025-03-06T05:13:51.252+0000] {logging_mixin.py:190} INFO - Task instance in success state
[2025-03-06T05:13:51.253+0000] {logging_mixin.py:190} INFO -  Previous state of the Task instance: running
[2025-03-06T05:13:51.254+0000] {logging_mixin.py:190} INFO - Dag name:mlbooksdb_flipkart queued_at:2025-03-06 05:13:47.236666+00:00
[2025-03-06T05:13:51.254+0000] {logging_mixin.py:190} INFO - Task hostname:3f07eaa845dd operator:PythonOperator
[2025-03-06T05:13:51.307+0000] {local_task_job_runner.py:266} INFO - Task exited with return code 0
[2025-03-06T05:13:51.332+0000] {taskinstance.py:3901} INFO - 1 downstream tasks scheduled from follow-on schedule check
[2025-03-06T05:13:51.335+0000] {local_task_job_runner.py:245} INFO - ::endgroup::
