[2025-03-06T08:20:08.910+0000] {local_task_job_runner.py:123} INFO - ::group::Pre task execution logs
[2025-03-06T08:20:08.941+0000] {taskinstance.py:2614} INFO - Dependencies all met for dep_context=non-requeueable deps ti=<TaskInstance: mlbooksdb_flipkart.fetch_mlbooks_data manual__2025-03-06T08:19:54.237854+00:00 [queued]>
[2025-03-06T08:20:08.956+0000] {taskinstance.py:2614} INFO - Dependencies all met for dep_context=requeueable deps ti=<TaskInstance: mlbooksdb_flipkart.fetch_mlbooks_data manual__2025-03-06T08:19:54.237854+00:00 [queued]>
[2025-03-06T08:20:08.958+0000] {taskinstance.py:2867} INFO - Starting attempt 1 of 2
[2025-03-06T08:20:08.982+0000] {taskinstance.py:2890} INFO - Executing <Task(PythonOperator): fetch_mlbooks_data> on 2025-03-06 08:19:54.237854+00:00
[2025-03-06T08:20:08.998+0000] {warnings.py:112} WARNING - /home/***/.local/lib/python3.12/site-packages/***/task/task_runner/standard_task_runner.py:70: DeprecationWarning: This process (pid=255) is multi-threaded, use of fork() may lead to deadlocks in the child.
  pid = os.fork()

[2025-03-06T08:20:09.002+0000] {standard_task_runner.py:72} INFO - Started process 257 to run task
[2025-03-06T08:20:09.002+0000] {standard_task_runner.py:104} INFO - Running: ['***', 'tasks', 'run', 'mlbooksdb_flipkart', 'fetch_mlbooks_data', 'manual__2025-03-06T08:19:54.237854+00:00', '--job-id', '47', '--raw', '--subdir', 'DAGS_FOLDER/buildmlbooksdb.py', '--cfg-path', '/tmp/tmpw9dl72ic']
[2025-03-06T08:20:09.004+0000] {standard_task_runner.py:105} INFO - Job 47: Subtask fetch_mlbooks_data
[2025-03-06T08:20:09.105+0000] {task_command.py:467} INFO - Running <TaskInstance: mlbooksdb_flipkart.fetch_mlbooks_data manual__2025-03-06T08:19:54.237854+00:00 [running]> on host 2c5581236213
[2025-03-06T08:20:09.266+0000] {taskinstance.py:3134} INFO - Exporting env vars: AIRFLOW_CTX_DAG_OWNER='***' AIRFLOW_CTX_DAG_ID='mlbooksdb_flipkart' AIRFLOW_CTX_TASK_ID='fetch_mlbooks_data' AIRFLOW_CTX_EXECUTION_DATE='2025-03-06T08:19:54.237854+00:00' AIRFLOW_CTX_TRY_NUMBER='1' AIRFLOW_CTX_DAG_RUN_ID='manual__2025-03-06T08:19:54.237854+00:00'
[2025-03-06T08:20:09.269+0000] {logging_mixin.py:190} INFO - Task instance is in running state
[2025-03-06T08:20:09.269+0000] {logging_mixin.py:190} INFO -  Previous state of the Task instance: queued
[2025-03-06T08:20:09.270+0000] {logging_mixin.py:190} INFO - Current task name:fetch_mlbooks_data state:running start_date:2025-03-06 08:20:08.942823+00:00
[2025-03-06T08:20:09.271+0000] {logging_mixin.py:190} INFO - Dag name:mlbooksdb_flipkart and current dag run status:running
[2025-03-06T08:20:09.272+0000] {taskinstance.py:732} INFO - ::endgroup::
[2025-03-06T08:20:11.328+0000] {logging_mixin.py:190} INFO - Fetched a total of 50 books.
[2025-03-06T08:20:11.382+0000] {python.py:240} INFO - Done. Returned value was: None
[2025-03-06T08:20:11.397+0000] {taskinstance.py:341} INFO - ::group::Post task execution logs
[2025-03-06T08:20:11.398+0000] {taskinstance.py:353} INFO - Marking task as SUCCESS. dag_id=mlbooksdb_flipkart, task_id=fetch_mlbooks_data, run_id=manual__2025-03-06T08:19:54.237854+00:00, execution_date=20250306T081954, start_date=20250306T082008, end_date=20250306T082011
[2025-03-06T08:20:11.453+0000] {logging_mixin.py:190} INFO - Task instance in success state
[2025-03-06T08:20:11.454+0000] {logging_mixin.py:190} INFO -  Previous state of the Task instance: running
[2025-03-06T08:20:11.455+0000] {logging_mixin.py:190} INFO - Dag name:mlbooksdb_flipkart queued_at:2025-03-06 08:19:54.320934+00:00
[2025-03-06T08:20:11.456+0000] {logging_mixin.py:190} INFO - Task hostname:2c5581236213 operator:PythonOperator
[2025-03-06T08:20:11.476+0000] {local_task_job_runner.py:266} INFO - Task exited with return code 0
[2025-03-06T08:20:11.491+0000] {local_task_job_runner.py:245} INFO - ::endgroup::
