[2025-03-06T05:12:19.361+0000] {local_task_job_runner.py:123} INFO - ::group::Pre task execution logs
[2025-03-06T05:12:19.396+0000] {taskinstance.py:2614} INFO - Dependencies all met for dep_context=non-requeueable deps ti=<TaskInstance: mlbooksdb_flipkart.fetch_mlbooks_data scheduled__2025-03-04T00:00:00+00:00 [queued]>
[2025-03-06T05:12:19.413+0000] {taskinstance.py:2614} INFO - Dependencies all met for dep_context=requeueable deps ti=<TaskInstance: mlbooksdb_flipkart.fetch_mlbooks_data scheduled__2025-03-04T00:00:00+00:00 [queued]>
[2025-03-06T05:12:19.415+0000] {taskinstance.py:2867} INFO - Starting attempt 2 of 2
[2025-03-06T05:12:19.439+0000] {taskinstance.py:2890} INFO - Executing <Task(PythonOperator): fetch_mlbooks_data> on 2025-03-04 00:00:00+00:00
[2025-03-06T05:12:19.454+0000] {warnings.py:112} WARNING - /home/***/.local/lib/python3.12/site-packages/***/task/task_runner/standard_task_runner.py:70: DeprecationWarning: This process (pid=369) is multi-threaded, use of fork() may lead to deadlocks in the child.
  pid = os.fork()

[2025-03-06T05:12:19.457+0000] {standard_task_runner.py:72} INFO - Started process 383 to run task
[2025-03-06T05:12:19.459+0000] {standard_task_runner.py:104} INFO - Running: ['***', 'tasks', 'run', 'mlbooksdb_flipkart', 'fetch_mlbooks_data', 'scheduled__2025-03-04T00:00:00+00:00', '--job-id', '9', '--raw', '--subdir', 'DAGS_FOLDER/buildmlbooksdb.py', '--cfg-path', '/tmp/tmp1t7wnu7d']
[2025-03-06T05:12:19.462+0000] {standard_task_runner.py:105} INFO - Job 9: Subtask fetch_mlbooks_data
[2025-03-06T05:12:19.576+0000] {task_command.py:467} INFO - Running <TaskInstance: mlbooksdb_flipkart.fetch_mlbooks_data scheduled__2025-03-04T00:00:00+00:00 [running]> on host 3f07eaa845dd
[2025-03-06T05:12:19.737+0000] {taskinstance.py:3134} INFO - Exporting env vars: AIRFLOW_CTX_DAG_OWNER='***' AIRFLOW_CTX_DAG_ID='mlbooksdb_flipkart' AIRFLOW_CTX_TASK_ID='fetch_mlbooks_data' AIRFLOW_CTX_EXECUTION_DATE='2025-03-04T00:00:00+00:00' AIRFLOW_CTX_TRY_NUMBER='2' AIRFLOW_CTX_DAG_RUN_ID='scheduled__2025-03-04T00:00:00+00:00'
[2025-03-06T05:12:19.741+0000] {logging_mixin.py:190} INFO - Task instance is in running state
[2025-03-06T05:12:19.742+0000] {logging_mixin.py:190} INFO -  Previous state of the Task instance: queued
[2025-03-06T05:12:19.743+0000] {logging_mixin.py:190} INFO - Current task name:fetch_mlbooks_data state:running start_date:2025-03-06 05:12:19.397910+00:00
[2025-03-06T05:12:19.744+0000] {logging_mixin.py:190} INFO - Dag name:mlbooksdb_flipkart and current dag run status:running
[2025-03-06T05:12:19.745+0000] {taskinstance.py:732} INFO - ::endgroup::
[2025-03-06T05:12:21.861+0000] {python.py:240} INFO - Done. Returned value was: None
[2025-03-06T05:12:21.879+0000] {taskinstance.py:341} INFO - ::group::Post task execution logs
[2025-03-06T05:12:21.881+0000] {taskinstance.py:353} INFO - Marking task as SUCCESS. dag_id=mlbooksdb_flipkart, task_id=fetch_mlbooks_data, run_id=scheduled__2025-03-04T00:00:00+00:00, execution_date=20250304T000000, start_date=20250306T051219, end_date=20250306T051221
[2025-03-06T05:12:21.934+0000] {logging_mixin.py:190} INFO - Task instance in success state
[2025-03-06T05:12:21.935+0000] {logging_mixin.py:190} INFO -  Previous state of the Task instance: running
[2025-03-06T05:12:21.937+0000] {logging_mixin.py:190} INFO - Dag name:mlbooksdb_flipkart queued_at:2025-03-06 05:00:12.924188+00:00
[2025-03-06T05:12:21.938+0000] {logging_mixin.py:190} INFO - Task hostname:3f07eaa845dd operator:PythonOperator
[2025-03-06T05:12:21.968+0000] {local_task_job_runner.py:266} INFO - Task exited with return code 0
[2025-03-06T05:12:22.028+0000] {taskinstance.py:3901} INFO - 1 downstream tasks scheduled from follow-on schedule check
[2025-03-06T05:12:22.032+0000] {local_task_job_runner.py:245} INFO - ::endgroup::
