[2025-03-06T06:00:21.669+0000] {local_task_job_runner.py:123} INFO - ::group::Pre task execution logs
[2025-03-06T06:00:21.729+0000] {taskinstance.py:2614} INFO - Dependencies all met for dep_context=non-requeueable deps ti=<TaskInstance: mlbooksdb_flipkart.insert_book_data manual__2025-03-06T05:52:03.716242+00:00 [queued]>
[2025-03-06T06:00:21.749+0000] {taskinstance.py:2614} INFO - Dependencies all met for dep_context=requeueable deps ti=<TaskInstance: mlbooksdb_flipkart.insert_book_data manual__2025-03-06T05:52:03.716242+00:00 [queued]>
[2025-03-06T06:00:21.750+0000] {taskinstance.py:2867} INFO - Starting attempt 2 of 2
[2025-03-06T06:00:21.769+0000] {taskinstance.py:2890} INFO - Executing <Task(SQLExecuteQueryOperator): insert_book_data> on 2025-03-06 05:52:03.716242+00:00
[2025-03-06T06:00:21.787+0000] {warnings.py:112} WARNING - /home/***/.local/lib/python3.12/site-packages/***/task/task_runner/standard_task_runner.py:70: DeprecationWarning: This process (pid=604) is multi-threaded, use of fork() may lead to deadlocks in the child.
  pid = os.fork()

[2025-03-06T06:00:21.805+0000] {standard_task_runner.py:72} INFO - Started process 606 to run task
[2025-03-06T06:00:21.819+0000] {standard_task_runner.py:104} INFO - Running: ['***', 'tasks', 'run', 'mlbooksdb_flipkart', 'insert_book_data', 'manual__2025-03-06T05:52:03.716242+00:00', '--job-id', '32', '--raw', '--subdir', 'DAGS_FOLDER/buildmlbooksdb.py', '--cfg-path', '/tmp/tmpx0p7bpj2']
[2025-03-06T06:00:21.822+0000] {standard_task_runner.py:105} INFO - Job 32: Subtask insert_book_data
[2025-03-06T06:00:21.936+0000] {task_command.py:467} INFO - Running <TaskInstance: mlbooksdb_flipkart.insert_book_data manual__2025-03-06T05:52:03.716242+00:00 [running]> on host 3f07eaa845dd
[2025-03-06T06:00:22.099+0000] {logging_mixin.py:190} INFO - Generated 50 SQL statements.
[2025-03-06T06:00:22.150+0000] {taskinstance.py:3134} INFO - Exporting env vars: AIRFLOW_CTX_DAG_OWNER='***' AIRFLOW_CTX_DAG_ID='mlbooksdb_flipkart' AIRFLOW_CTX_TASK_ID='insert_book_data' AIRFLOW_CTX_EXECUTION_DATE='2025-03-06T05:52:03.716242+00:00' AIRFLOW_CTX_TRY_NUMBER='2' AIRFLOW_CTX_DAG_RUN_ID='manual__2025-03-06T05:52:03.716242+00:00'
[2025-03-06T06:00:22.155+0000] {logging_mixin.py:190} INFO - Task instance is in running state
[2025-03-06T06:00:22.155+0000] {logging_mixin.py:190} INFO -  Previous state of the Task instance: queued
[2025-03-06T06:00:22.156+0000] {logging_mixin.py:190} INFO - Current task name:insert_book_data state:running start_date:2025-03-06 06:00:21.730554+00:00
[2025-03-06T06:00:22.157+0000] {logging_mixin.py:190} INFO - Dag name:mlbooksdb_flipkart and current dag run status:running
[2025-03-06T06:00:22.157+0000] {taskinstance.py:732} INFO - ::endgroup::
[2025-03-06T06:00:22.160+0000] {sql.py:295} INFO - Executing: ["\n            INSERT INTO mlbooks (title, price, author, created_at)\n            VALUES (\n                'Machine Learning Using Python', \n                '₹599', \n                'English, Paperback, Pradhan Manaranjan',\n                to_char(NOW(), 'DD/MM/YYYY HH24:MI')\n            );\n            ", "\n            INSERT INTO mlbooks (title, price, author, created_at)\n            VALUES (\n                'Hands-On Machine Learning with Scikit-Learn, Keras, and...', \n                '₹1,899', \n                'English, Paperback, Aurélien Géron',\n                to_char(NOW(), 'DD/MM/YYYY HH24:MI')\n            );\n            ", "\n            INSERT INTO mlbooks (title, price, author, created_at)\n            VALUES (\n                'Real-World Machine Learning: 2017', \n                '₹815', \n                'English, Paperback, unknown',\n                to_char(NOW(), 'DD/MM/YYYY HH24:MI')\n            );\n            ", "\n            INSERT INTO mlbooks (title, price, author, created_at)\n            VALUES (\n                'AI and Machine Learning', \n                '₹3,726', \n                'English, Paperback, Rahman Was',\n                to_char(NOW(), 'DD/MM/YYYY HH24:MI')\n            );\n            ", "\n            INSERT INTO mlbooks (title, price, author, created_at)\n            VALUES (\n                'Image and Graphics Technologies and Applications', \n                '₹3,863', \n                'English, Paperback, unknown',\n                to_char(NOW(), 'DD/MM/YYYY HH24:MI')\n            );\n            ", "\n            INSERT INTO mlbooks (title, price, author, created_at)\n            VALUES (\n                'Machine Learning for Email: Spam Filtering and Priority...', \n                '₹550', \n                'English, Paperback, Drew Conway , John Myles White',\n                to_char(NOW(), 'DD/MM/YYYY HH24:MI')\n            );\n            ", "\n            INSERT INTO mlbooks (title, price, author, created_at)\n            VALUES (\n                'ADVANCED MACHINE LEARNING', \n                '₹243', \n                'English, Paperback, Dr. R Kumar',\n                to_char(NOW(), 'DD/MM/YYYY HH24:MI')\n            );\n            ", "\n            INSERT INTO mlbooks (title, price, author, created_at)\n            VALUES (\n                'Advanced Machine Learning Techniques', \n                '₹230', \n                'English, Paperback, A. Ramesh Babu',\n                to_char(NOW(), 'DD/MM/YYYY HH24:MI')\n            );\n            ", "\n            INSERT INTO mlbooks (title, price, author, created_at)\n            VALUES (\n                'Introduction to Machine Learning', \n                '₹140', \n                'English, Paperback, Jose Jeeva',\n                to_char(NOW(), 'DD/MM/YYYY HH24:MI')\n            );\n            ", "\n            INSERT INTO mlbooks (title, price, author, created_at)\n            VALUES (\n                'Generalized Theory of Electrical Machines, Seventh Edit...', \n                '₹336', \n                'English, Paperback, Bimbhra P.S.',\n                to_char(NOW(), 'DD/MM/YYYY HH24:MI')\n            );\n            ", "\n            INSERT INTO mlbooks (title, price, author, created_at)\n            VALUES (\n                'Weapons of Math Destruction', \n                '₹278', \n                'English, Paperback, O''Neil Cathy',\n                to_char(NOW(), 'DD/MM/YYYY HH24:MI')\n            );\n            ", "\n            INSERT INTO mlbooks (title, price, author, created_at)\n            VALUES (\n                'A Brief History of Intelligence', \n                '₹355', \n                'English, Paperback, Bennett Max',\n                to_char(NOW(), 'DD/MM/YYYY HH24:MI')\n            );\n            ", "\n            INSERT INTO mlbooks (title, price, author, created_at)\n            VALUES (\n                'Machine Learning, Second Edition | AICTE Recommended', \n                '₹350', \n                'English, Paperback, Chopra Rajiv',\n                to_char(NOW(), 'DD/MM/YYYY HH24:MI')\n            );\n            ", "\n            INSERT INTO mlbooks (title, price, author, created_at)\n            VALUES (\n                'Deep Learning with Python', \n                '₹3,490', \n                'English, Paperback, Chollet Francois',\n                to_char(NOW(), 'DD/MM/YYYY HH24:MI')\n            );\n            ", "\n            INSERT INTO mlbooks (title, price, author, created_at)\n            VALUES (\n                'Machine Learning (in Python and R) for Dummies', \n                '₹649', \n                'English, Paperback, Mueller John Paul',\n                to_char(NOW(), 'DD/MM/YYYY HH24:MI')\n            );\n            ", "\n            INSERT INTO mlbooks (title, price, author, created_at)\n            VALUES (\n                'Machine Learning', \n                '₹482', \n                'English, Paperback, Dutt Saikat',\n                to_char(NOW(), 'DD/MM/YYYY HH24:MI')\n            );\n            ", "\n            INSERT INTO mlbooks (title, price, author, created_at)\n            VALUES (\n                'Deep Learning  - Deep Learning', \n                '₹5,102', \n                'English, Hardcover, Goodfellow Ian',\n                to_char(NOW(), 'DD/MM/YYYY HH24:MI')\n            );\n            ", "\n            INSERT INTO mlbooks (title, price, author, created_at)\n            VALUES (\n                'Machine Learning | AICTE Recommended', \n                '₹275', \n                'English, Paperback, Jain V.K.',\n                to_char(NOW(), 'DD/MM/YYYY HH24:MI')\n            );\n            ", "\n            INSERT INTO mlbooks (title, price, author, created_at)\n            VALUES (\n                'Machine Learning 1 Edition', \n                '₹500', \n                'English, Paperback, Srinivasaraghavan Anuradha',\n                to_char(NOW(), 'DD/MM/YYYY HH24:MI')\n            );\n            ", "\n            INSERT INTO mlbooks (title, price, author, created_at)\n            VALUES (\n                'How We Learn', \n                '₹453', \n                'English, Paperback, Dehaene Stanislas',\n                to_char(NOW(), 'DD/MM/YYYY HH24:MI')\n            );\n            ", "\n            INSERT INTO mlbooks (title, price, author, created_at)\n            VALUES (\n                'Introduction to Machine Learning', \n                '₹7,827', \n                'English, Hardcover, Alpaydin Ethem',\n                to_char(NOW(), 'DD/MM/YYYY HH24:MI')\n            );\n            ", "\n            INSERT INTO mlbooks (title, price, author, created_at)\n            VALUES (\n                'Machine Learning with Python Course', \n                '₹358', \n                'Hindi, Paperback, Vijayvrgiy Avishek',\n                to_char(NOW(), 'DD/MM/YYYY HH24:MI')\n            );\n            ", "\n            INSERT INTO mlbooks (title, price, author, created_at)\n            VALUES (\n                'Machine Learning for Absolute Beginners', \n                '₹328', \n                'English, Paperback, Theobald Oliver',\n                to_char(NOW(), 'DD/MM/YYYY HH24:MI')\n            );\n            ", "\n            INSERT INTO mlbooks (title, price, author, created_at)\n            VALUES (\n                'Building Machine Learning Systems with Python', \n                '₹4,017', \n                'English, Electronic book text, Richert Willi',\n                to_char(NOW(), 'DD/MM/YYYY HH24:MI')\n            );\n            ", "\n            INSERT INTO mlbooks (title, price, author, created_at)\n            VALUES (\n                'Machine Learning', \n                '₹6,859', \n                'English, Hardcover, Murphy Kevin P.',\n                to_char(NOW(), 'DD/MM/YYYY HH24:MI')\n            );\n            ", "\n            INSERT INTO mlbooks (title, price, author, created_at)\n            VALUES (\n                'Probabilistic Machine Learning', \n                '₹5,854', \n                'English, Hardcover, Murphy Kevin P.',\n                to_char(NOW(), 'DD/MM/YYYY HH24:MI')\n            );\n            ", "\n            INSERT INTO mlbooks (title, price, author, created_at)\n            VALUES (\n                'Reinforcement Learning  - Richard S. Sutton with 582 Di...', \n                '₹5,950', \n                'English, Hardcover, Sutton Richard S.',\n                to_char(NOW(), 'DD/MM/YYYY HH24:MI')\n            );\n            ", "\n            INSERT INTO mlbooks (title, price, author, created_at)\n            VALUES (\n                'Probabilistic Graphical Models', \n                '₹12,314', \n                'English, Hardcover, Koller Daphne',\n                to_char(NOW(), 'DD/MM/YYYY HH24:MI')\n            );\n            ", "\n            INSERT INTO mlbooks (title, price, author, created_at)\n            VALUES (\n                'TensorFlow Machine Learning Projects', \n                '₹2,899', \n                'English, Paperback, Jain Ankit',\n                to_char(NOW(), 'DD/MM/YYYY HH24:MI')\n            );\n            ", "\n            INSERT INTO mlbooks (title, price, author, created_at)\n            VALUES (\n                'Machine Learning with the Elastic Stack', \n                '₹3,299', \n                'English, Paperback, Collier Rich',\n                to_char(NOW(), 'DD/MM/YYYY HH24:MI')\n            );\n            ", "\n            INSERT INTO mlbooks (title, price, author, created_at)\n            VALUES (\n                'Python Machine Learning By Example', \n                '₹2,248', \n                'English, Paperback, Liu Yuxi (Hayden)',\n                to_char(NOW(), 'DD/MM/YYYY HH24:MI')\n            );\n            ", "\n            INSERT INTO mlbooks (title, price, author, created_at)\n            VALUES (\n                'Python Machine Learning By Example', \n                '₹1,980', \n                'English, Paperback, Liu Yuxi (Hayden)',\n                to_char(NOW(), 'DD/MM/YYYY HH24:MI')\n            );\n            ", "\n            INSERT INTO mlbooks (title, price, author, created_at)\n            VALUES (\n                'Grokking Deep Learning', \n                '₹2,295', \n                'English, Paperback, Trask Andrew W',\n                to_char(NOW(), 'DD/MM/YYYY HH24:MI')\n            );\n            ", "\n            INSERT INTO mlbooks (title, price, author, created_at)\n            VALUES (\n                'Machine Learning Engineering in Action', \n                '₹5,439', \n                'English, Paperback, Wilson Ben',\n                to_char(NOW(), 'DD/MM/YYYY HH24:MI')\n            );\n            ", "\n            INSERT INTO mlbooks (title, price, author, created_at)\n            VALUES (\n                'Ensemble Methods for Machine Learning', \n                '₹5,424', \n                'English, Paperback, Kunapuli Gautam',\n                to_char(NOW(), 'DD/MM/YYYY HH24:MI')\n            );\n            ", "\n            INSERT INTO mlbooks (title, price, author, created_at)\n            VALUES (\n                'Automated Machine Learning in Action', \n                '₹4,146', \n                'English, Paperback, Song Qingquan',\n                to_char(NOW(), 'DD/MM/YYYY HH24:MI')\n            );\n            ", "\n            INSERT INTO mlbooks (title, price, author, created_at)\n            VALUES (\n                'Machine Learning with PyTorch and Scikit-Learn', \n                '₹999', \n                'English, Paperback, Raschka Sebastian',\n                to_char(NOW(), 'DD/MM/YYYY HH24:MI')\n            );\n            ", "\n            INSERT INTO mlbooks (title, price, author, created_at)\n            VALUES (\n                'Machine Learning for Beginners - 2nd Edition', \n                '₹678', \n                'English, Paperback, Bhasin Harsh',\n                to_char(NOW(), 'DD/MM/YYYY HH24:MI')\n            );\n            ", "\n            INSERT INTO mlbooks (title, price, author, created_at)\n            VALUES (\n                'What to Think About Machines That Think', \n                '₹730', \n                'English, Paperback, Brockman John',\n                to_char(NOW(), 'DD/MM/YYYY HH24:MI')\n            );\n            ", "\n            INSERT INTO mlbooks (title, price, author, created_at)\n            VALUES (\n                'Machine Learning with R -', \n                '₹1,067', \n                'English, Electronic book text, Lantz Brett',\n                to_char(NOW(), 'DD/MM/YYYY HH24:MI')\n            );\n            ", "\n            INSERT INTO mlbooks (title, price, author, created_at)\n            VALUES (\n                'Machine Learning for Absolute Beginners: A Plain Englis...', \n                '₹441', \n                'Hardcover, Oliver Theobald',\n                to_char(NOW(), 'DD/MM/YYYY HH24:MI')\n            );\n            ", "\n            INSERT INTO mlbooks (title, price, author, created_at)\n            VALUES (\n                'MACHINE LEARNING - VEI (Special Edition)  - Machine Lea...', \n                '₹221', \n                'Paperback, Justin Hanson',\n                to_char(NOW(), 'DD/MM/YYYY HH24:MI')\n            );\n            ", "\n            INSERT INTO mlbooks (title, price, author, created_at)\n            VALUES (\n                'Machine Learning with R', \n                '₹3,876', \n                'English, Electronic book text, Lantz Brett',\n                to_char(NOW(), 'DD/MM/YYYY HH24:MI')\n            );\n            ", "\n            INSERT INTO mlbooks (title, price, author, created_at)\n            VALUES (\n                'Python Machine Learning -', \n                '₹2,799', \n                'English, Electronic book text, Raschka Sebastian',\n                to_char(NOW(), 'DD/MM/YYYY HH24:MI')\n            );\n            ", "\n            INSERT INTO mlbooks (title, price, author, created_at)\n            VALUES (\n                'A Brief History of Intelligence', \n                '₹569', \n                'English, Paperback, Bennett Max',\n                to_char(NOW(), 'DD/MM/YYYY HH24:MI')\n            );\n            ", "\n            INSERT INTO mlbooks (title, price, author, created_at)\n            VALUES (\n                'What to Think About Machines That Think', \n                '₹730', \n                'English, Paperback, Brockman John',\n                to_char(NOW(), 'DD/MM/YYYY HH24:MI')\n            );\n            ", "\n            INSERT INTO mlbooks (title, price, author, created_at)\n            VALUES (\n                'Data Science and Machine Learning using Python', \n                '₹581', \n                'Paperback, Reema Thareja',\n                to_char(NOW(), 'DD/MM/YYYY HH24:MI')\n            );\n            ", "\n            INSERT INTO mlbooks (title, price, author, created_at)\n            VALUES (\n                'Designing Machine Learning Systems: An Iterative Proces...', \n                '₹1,346', \n                'Paperback, Chip Huyen',\n                to_char(NOW(), 'DD/MM/YYYY HH24:MI')\n            );\n            ", "\n            INSERT INTO mlbooks (title, price, author, created_at)\n            VALUES (\n                'Python Artificial Intelligence Projects for Beginners', \n                '₹1,715', \n                'English, Paperback, Eckroth Dr. Joshua',\n                to_char(NOW(), 'DD/MM/YYYY HH24:MI')\n            );\n            ", "\n            INSERT INTO mlbooks (title, price, author, created_at)\n            VALUES (\n                'Multisensor Fusion', \n                '₹24,819', \n                'English, Hardcover, unknown',\n                to_char(NOW(), 'DD/MM/YYYY HH24:MI')\n            );\n            "]
[2025-03-06T06:00:22.172+0000] {base.py:84} INFO - Retrieving connection 'mlbooks_collection'
[2025-03-06T06:00:22.185+0000] {base.py:84} INFO - Retrieving connection 'mlbooks_collection'
[2025-03-06T06:00:22.192+0000] {sql.py:511} INFO - Running statement: 
            INSERT INTO mlbooks (title, price, author, created_at)
            VALUES (
                'Machine Learning Using Python', 
                '₹599', 
                'English, Paperback, Pradhan Manaranjan',
                to_char(NOW(), 'DD/MM/YYYY HH24:MI')
            );
            , parameters: None
[2025-03-06T06:00:22.233+0000] {sql.py:520} INFO - Rows affected: 1
[2025-03-06T06:00:22.236+0000] {warnings.py:112} WARNING - /home/***/.local/lib/python3.12/site-packages/***/providers/common/sql/hooks/sql.py:470: DeprecationWarning: Import of fetch_all_handler from the '***.providers.common.sql.hooks' module is deprecated and will
be removed in the future. Please import it from '***.providers.common.sql.hooks.handlers'.
  result = self._make_common_data_structure(handler(cur))

[2025-03-06T06:00:22.237+0000] {warnings.py:112} WARNING - /home/***/.local/lib/python3.12/site-packages/***/providers/common/sql/hooks/sql.py:471: DeprecationWarning: Import of return_single_query_results from the '***.providers.common.sql.hooks' module is deprecated and will
be removed in the future. Please import it from '***.providers.common.sql.hooks.handlers'.
  if return_single_query_results(sql, return_last, split_statements):

[2025-03-06T06:00:22.238+0000] {sql.py:511} INFO - Running statement: 
            INSERT INTO mlbooks (title, price, author, created_at)
            VALUES (
                'Hands-On Machine Learning with Scikit-Learn, Keras, and...', 
                '₹1,899', 
                'English, Paperback, Aurélien Géron',
                to_char(NOW(), 'DD/MM/YYYY HH24:MI')
            );
            , parameters: None
[2025-03-06T06:00:22.239+0000] {sql.py:520} INFO - Rows affected: 1
[2025-03-06T06:00:22.240+0000] {sql.py:511} INFO - Running statement: 
            INSERT INTO mlbooks (title, price, author, created_at)
            VALUES (
                'Real-World Machine Learning: 2017', 
                '₹815', 
                'English, Paperback, unknown',
                to_char(NOW(), 'DD/MM/YYYY HH24:MI')
            );
            , parameters: None
[2025-03-06T06:00:22.241+0000] {sql.py:520} INFO - Rows affected: 1
[2025-03-06T06:00:22.242+0000] {sql.py:511} INFO - Running statement: 
            INSERT INTO mlbooks (title, price, author, created_at)
            VALUES (
                'AI and Machine Learning', 
                '₹3,726', 
                'English, Paperback, Rahman Was',
                to_char(NOW(), 'DD/MM/YYYY HH24:MI')
            );
            , parameters: None
[2025-03-06T06:00:22.242+0000] {sql.py:520} INFO - Rows affected: 1
[2025-03-06T06:00:22.243+0000] {sql.py:511} INFO - Running statement: 
            INSERT INTO mlbooks (title, price, author, created_at)
            VALUES (
                'Image and Graphics Technologies and Applications', 
                '₹3,863', 
                'English, Paperback, unknown',
                to_char(NOW(), 'DD/MM/YYYY HH24:MI')
            );
            , parameters: None
[2025-03-06T06:00:22.244+0000] {sql.py:520} INFO - Rows affected: 1
[2025-03-06T06:00:22.244+0000] {sql.py:511} INFO - Running statement: 
            INSERT INTO mlbooks (title, price, author, created_at)
            VALUES (
                'Machine Learning for Email: Spam Filtering and Priority...', 
                '₹550', 
                'English, Paperback, Drew Conway , John Myles White',
                to_char(NOW(), 'DD/MM/YYYY HH24:MI')
            );
            , parameters: None
[2025-03-06T06:00:22.246+0000] {sql.py:520} INFO - Rows affected: 1
[2025-03-06T06:00:22.248+0000] {sql.py:511} INFO - Running statement: 
            INSERT INTO mlbooks (title, price, author, created_at)
            VALUES (
                'ADVANCED MACHINE LEARNING', 
                '₹243', 
                'English, Paperback, Dr. R Kumar',
                to_char(NOW(), 'DD/MM/YYYY HH24:MI')
            );
            , parameters: None
[2025-03-06T06:00:22.249+0000] {sql.py:520} INFO - Rows affected: 1
[2025-03-06T06:00:22.250+0000] {sql.py:511} INFO - Running statement: 
            INSERT INTO mlbooks (title, price, author, created_at)
            VALUES (
                'Advanced Machine Learning Techniques', 
                '₹230', 
                'English, Paperback, A. Ramesh Babu',
                to_char(NOW(), 'DD/MM/YYYY HH24:MI')
            );
            , parameters: None
[2025-03-06T06:00:22.251+0000] {sql.py:520} INFO - Rows affected: 1
[2025-03-06T06:00:22.252+0000] {sql.py:511} INFO - Running statement: 
            INSERT INTO mlbooks (title, price, author, created_at)
            VALUES (
                'Introduction to Machine Learning', 
                '₹140', 
                'English, Paperback, Jose Jeeva',
                to_char(NOW(), 'DD/MM/YYYY HH24:MI')
            );
            , parameters: None
[2025-03-06T06:00:22.253+0000] {sql.py:520} INFO - Rows affected: 1
[2025-03-06T06:00:22.254+0000] {sql.py:511} INFO - Running statement: 
            INSERT INTO mlbooks (title, price, author, created_at)
            VALUES (
                'Generalized Theory of Electrical Machines, Seventh Edit...', 
                '₹336', 
                'English, Paperback, Bimbhra P.S.',
                to_char(NOW(), 'DD/MM/YYYY HH24:MI')
            );
            , parameters: None
[2025-03-06T06:00:22.255+0000] {sql.py:520} INFO - Rows affected: 1
[2025-03-06T06:00:22.256+0000] {sql.py:511} INFO - Running statement: 
            INSERT INTO mlbooks (title, price, author, created_at)
            VALUES (
                'Weapons of Math Destruction', 
                '₹278', 
                'English, Paperback, O''Neil Cathy',
                to_char(NOW(), 'DD/MM/YYYY HH24:MI')
            );
            , parameters: None
[2025-03-06T06:00:22.257+0000] {sql.py:520} INFO - Rows affected: 1
[2025-03-06T06:00:22.258+0000] {sql.py:511} INFO - Running statement: 
            INSERT INTO mlbooks (title, price, author, created_at)
            VALUES (
                'A Brief History of Intelligence', 
                '₹355', 
                'English, Paperback, Bennett Max',
                to_char(NOW(), 'DD/MM/YYYY HH24:MI')
            );
            , parameters: None
[2025-03-06T06:00:22.260+0000] {sql.py:520} INFO - Rows affected: 1
[2025-03-06T06:00:22.261+0000] {sql.py:511} INFO - Running statement: 
            INSERT INTO mlbooks (title, price, author, created_at)
            VALUES (
                'Machine Learning, Second Edition | AICTE Recommended', 
                '₹350', 
                'English, Paperback, Chopra Rajiv',
                to_char(NOW(), 'DD/MM/YYYY HH24:MI')
            );
            , parameters: None
[2025-03-06T06:00:22.264+0000] {sql.py:520} INFO - Rows affected: 1
[2025-03-06T06:00:22.265+0000] {sql.py:511} INFO - Running statement: 
            INSERT INTO mlbooks (title, price, author, created_at)
            VALUES (
                'Deep Learning with Python', 
                '₹3,490', 
                'English, Paperback, Chollet Francois',
                to_char(NOW(), 'DD/MM/YYYY HH24:MI')
            );
            , parameters: None
[2025-03-06T06:00:22.267+0000] {sql.py:520} INFO - Rows affected: 1
[2025-03-06T06:00:22.268+0000] {sql.py:511} INFO - Running statement: 
            INSERT INTO mlbooks (title, price, author, created_at)
            VALUES (
                'Machine Learning (in Python and R) for Dummies', 
                '₹649', 
                'English, Paperback, Mueller John Paul',
                to_char(NOW(), 'DD/MM/YYYY HH24:MI')
            );
            , parameters: None
[2025-03-06T06:00:22.270+0000] {sql.py:520} INFO - Rows affected: 1
[2025-03-06T06:00:22.271+0000] {sql.py:511} INFO - Running statement: 
            INSERT INTO mlbooks (title, price, author, created_at)
            VALUES (
                'Machine Learning', 
                '₹482', 
                'English, Paperback, Dutt Saikat',
                to_char(NOW(), 'DD/MM/YYYY HH24:MI')
            );
            , parameters: None
[2025-03-06T06:00:22.272+0000] {sql.py:520} INFO - Rows affected: 1
[2025-03-06T06:00:22.273+0000] {sql.py:511} INFO - Running statement: 
            INSERT INTO mlbooks (title, price, author, created_at)
            VALUES (
                'Deep Learning  - Deep Learning', 
                '₹5,102', 
                'English, Hardcover, Goodfellow Ian',
                to_char(NOW(), 'DD/MM/YYYY HH24:MI')
            );
            , parameters: None
[2025-03-06T06:00:22.274+0000] {sql.py:520} INFO - Rows affected: 1
[2025-03-06T06:00:22.275+0000] {sql.py:511} INFO - Running statement: 
            INSERT INTO mlbooks (title, price, author, created_at)
            VALUES (
                'Machine Learning | AICTE Recommended', 
                '₹275', 
                'English, Paperback, Jain V.K.',
                to_char(NOW(), 'DD/MM/YYYY HH24:MI')
            );
            , parameters: None
[2025-03-06T06:00:22.277+0000] {sql.py:520} INFO - Rows affected: 1
[2025-03-06T06:00:22.278+0000] {sql.py:511} INFO - Running statement: 
            INSERT INTO mlbooks (title, price, author, created_at)
            VALUES (
                'Machine Learning 1 Edition', 
                '₹500', 
                'English, Paperback, Srinivasaraghavan Anuradha',
                to_char(NOW(), 'DD/MM/YYYY HH24:MI')
            );
            , parameters: None
[2025-03-06T06:00:22.279+0000] {sql.py:520} INFO - Rows affected: 1
[2025-03-06T06:00:22.280+0000] {sql.py:511} INFO - Running statement: 
            INSERT INTO mlbooks (title, price, author, created_at)
            VALUES (
                'How We Learn', 
                '₹453', 
                'English, Paperback, Dehaene Stanislas',
                to_char(NOW(), 'DD/MM/YYYY HH24:MI')
            );
            , parameters: None
[2025-03-06T06:00:22.281+0000] {sql.py:520} INFO - Rows affected: 1
[2025-03-06T06:00:22.282+0000] {sql.py:511} INFO - Running statement: 
            INSERT INTO mlbooks (title, price, author, created_at)
            VALUES (
                'Introduction to Machine Learning', 
                '₹7,827', 
                'English, Hardcover, Alpaydin Ethem',
                to_char(NOW(), 'DD/MM/YYYY HH24:MI')
            );
            , parameters: None
[2025-03-06T06:00:22.284+0000] {sql.py:520} INFO - Rows affected: 1
[2025-03-06T06:00:22.285+0000] {sql.py:511} INFO - Running statement: 
            INSERT INTO mlbooks (title, price, author, created_at)
            VALUES (
                'Machine Learning with Python Course', 
                '₹358', 
                'Hindi, Paperback, Vijayvrgiy Avishek',
                to_char(NOW(), 'DD/MM/YYYY HH24:MI')
            );
            , parameters: None
[2025-03-06T06:00:22.286+0000] {sql.py:520} INFO - Rows affected: 1
[2025-03-06T06:00:22.286+0000] {sql.py:511} INFO - Running statement: 
            INSERT INTO mlbooks (title, price, author, created_at)
            VALUES (
                'Machine Learning for Absolute Beginners', 
                '₹328', 
                'English, Paperback, Theobald Oliver',
                to_char(NOW(), 'DD/MM/YYYY HH24:MI')
            );
            , parameters: None
[2025-03-06T06:00:22.288+0000] {sql.py:520} INFO - Rows affected: 1
[2025-03-06T06:00:22.289+0000] {sql.py:511} INFO - Running statement: 
            INSERT INTO mlbooks (title, price, author, created_at)
            VALUES (
                'Building Machine Learning Systems with Python', 
                '₹4,017', 
                'English, Electronic book text, Richert Willi',
                to_char(NOW(), 'DD/MM/YYYY HH24:MI')
            );
            , parameters: None
[2025-03-06T06:00:22.290+0000] {sql.py:520} INFO - Rows affected: 1
[2025-03-06T06:00:22.291+0000] {sql.py:511} INFO - Running statement: 
            INSERT INTO mlbooks (title, price, author, created_at)
            VALUES (
                'Machine Learning', 
                '₹6,859', 
                'English, Hardcover, Murphy Kevin P.',
                to_char(NOW(), 'DD/MM/YYYY HH24:MI')
            );
            , parameters: None
[2025-03-06T06:00:22.292+0000] {sql.py:520} INFO - Rows affected: 1
[2025-03-06T06:00:22.294+0000] {sql.py:511} INFO - Running statement: 
            INSERT INTO mlbooks (title, price, author, created_at)
            VALUES (
                'Probabilistic Machine Learning', 
                '₹5,854', 
                'English, Hardcover, Murphy Kevin P.',
                to_char(NOW(), 'DD/MM/YYYY HH24:MI')
            );
            , parameters: None
[2025-03-06T06:00:22.297+0000] {sql.py:520} INFO - Rows affected: 1
[2025-03-06T06:00:22.298+0000] {sql.py:511} INFO - Running statement: 
            INSERT INTO mlbooks (title, price, author, created_at)
            VALUES (
                'Reinforcement Learning  - Richard S. Sutton with 582 Di...', 
                '₹5,950', 
                'English, Hardcover, Sutton Richard S.',
                to_char(NOW(), 'DD/MM/YYYY HH24:MI')
            );
            , parameters: None
[2025-03-06T06:00:22.300+0000] {sql.py:520} INFO - Rows affected: 1
[2025-03-06T06:00:22.301+0000] {sql.py:511} INFO - Running statement: 
            INSERT INTO mlbooks (title, price, author, created_at)
            VALUES (
                'Probabilistic Graphical Models', 
                '₹12,314', 
                'English, Hardcover, Koller Daphne',
                to_char(NOW(), 'DD/MM/YYYY HH24:MI')
            );
            , parameters: None
[2025-03-06T06:00:22.302+0000] {sql.py:520} INFO - Rows affected: 1
[2025-03-06T06:00:22.304+0000] {sql.py:511} INFO - Running statement: 
            INSERT INTO mlbooks (title, price, author, created_at)
            VALUES (
                'TensorFlow Machine Learning Projects', 
                '₹2,899', 
                'English, Paperback, Jain Ankit',
                to_char(NOW(), 'DD/MM/YYYY HH24:MI')
            );
            , parameters: None
[2025-03-06T06:00:22.305+0000] {sql.py:520} INFO - Rows affected: 1
[2025-03-06T06:00:22.306+0000] {sql.py:511} INFO - Running statement: 
            INSERT INTO mlbooks (title, price, author, created_at)
            VALUES (
                'Machine Learning with the Elastic Stack', 
                '₹3,299', 
                'English, Paperback, Collier Rich',
                to_char(NOW(), 'DD/MM/YYYY HH24:MI')
            );
            , parameters: None
[2025-03-06T06:00:22.309+0000] {sql.py:520} INFO - Rows affected: 1
[2025-03-06T06:00:22.310+0000] {sql.py:511} INFO - Running statement: 
            INSERT INTO mlbooks (title, price, author, created_at)
            VALUES (
                'Python Machine Learning By Example', 
                '₹2,248', 
                'English, Paperback, Liu Yuxi (Hayden)',
                to_char(NOW(), 'DD/MM/YYYY HH24:MI')
            );
            , parameters: None
[2025-03-06T06:00:22.312+0000] {sql.py:520} INFO - Rows affected: 1
[2025-03-06T06:00:22.312+0000] {sql.py:511} INFO - Running statement: 
            INSERT INTO mlbooks (title, price, author, created_at)
            VALUES (
                'Python Machine Learning By Example', 
                '₹1,980', 
                'English, Paperback, Liu Yuxi (Hayden)',
                to_char(NOW(), 'DD/MM/YYYY HH24:MI')
            );
            , parameters: None
[2025-03-06T06:00:22.315+0000] {sql.py:520} INFO - Rows affected: 1
[2025-03-06T06:00:22.317+0000] {sql.py:511} INFO - Running statement: 
            INSERT INTO mlbooks (title, price, author, created_at)
            VALUES (
                'Grokking Deep Learning', 
                '₹2,295', 
                'English, Paperback, Trask Andrew W',
                to_char(NOW(), 'DD/MM/YYYY HH24:MI')
            );
            , parameters: None
[2025-03-06T06:00:22.318+0000] {sql.py:520} INFO - Rows affected: 1
[2025-03-06T06:00:22.319+0000] {sql.py:511} INFO - Running statement: 
            INSERT INTO mlbooks (title, price, author, created_at)
            VALUES (
                'Machine Learning Engineering in Action', 
                '₹5,439', 
                'English, Paperback, Wilson Ben',
                to_char(NOW(), 'DD/MM/YYYY HH24:MI')
            );
            , parameters: None
[2025-03-06T06:00:22.320+0000] {sql.py:520} INFO - Rows affected: 1
[2025-03-06T06:00:22.321+0000] {sql.py:511} INFO - Running statement: 
            INSERT INTO mlbooks (title, price, author, created_at)
            VALUES (
                'Ensemble Methods for Machine Learning', 
                '₹5,424', 
                'English, Paperback, Kunapuli Gautam',
                to_char(NOW(), 'DD/MM/YYYY HH24:MI')
            );
            , parameters: None
[2025-03-06T06:00:22.322+0000] {sql.py:520} INFO - Rows affected: 1
[2025-03-06T06:00:22.323+0000] {sql.py:511} INFO - Running statement: 
            INSERT INTO mlbooks (title, price, author, created_at)
            VALUES (
                'Automated Machine Learning in Action', 
                '₹4,146', 
                'English, Paperback, Song Qingquan',
                to_char(NOW(), 'DD/MM/YYYY HH24:MI')
            );
            , parameters: None
[2025-03-06T06:00:22.325+0000] {sql.py:520} INFO - Rows affected: 1
[2025-03-06T06:00:22.326+0000] {sql.py:511} INFO - Running statement: 
            INSERT INTO mlbooks (title, price, author, created_at)
            VALUES (
                'Machine Learning with PyTorch and Scikit-Learn', 
                '₹999', 
                'English, Paperback, Raschka Sebastian',
                to_char(NOW(), 'DD/MM/YYYY HH24:MI')
            );
            , parameters: None
[2025-03-06T06:00:22.327+0000] {sql.py:520} INFO - Rows affected: 1
[2025-03-06T06:00:22.328+0000] {sql.py:511} INFO - Running statement: 
            INSERT INTO mlbooks (title, price, author, created_at)
            VALUES (
                'Machine Learning for Beginners - 2nd Edition', 
                '₹678', 
                'English, Paperback, Bhasin Harsh',
                to_char(NOW(), 'DD/MM/YYYY HH24:MI')
            );
            , parameters: None
[2025-03-06T06:00:22.330+0000] {sql.py:520} INFO - Rows affected: 1
[2025-03-06T06:00:22.331+0000] {sql.py:511} INFO - Running statement: 
            INSERT INTO mlbooks (title, price, author, created_at)
            VALUES (
                'What to Think About Machines That Think', 
                '₹730', 
                'English, Paperback, Brockman John',
                to_char(NOW(), 'DD/MM/YYYY HH24:MI')
            );
            , parameters: None
[2025-03-06T06:00:22.333+0000] {sql.py:520} INFO - Rows affected: 1
[2025-03-06T06:00:22.334+0000] {sql.py:511} INFO - Running statement: 
            INSERT INTO mlbooks (title, price, author, created_at)
            VALUES (
                'Machine Learning with R -', 
                '₹1,067', 
                'English, Electronic book text, Lantz Brett',
                to_char(NOW(), 'DD/MM/YYYY HH24:MI')
            );
            , parameters: None
[2025-03-06T06:00:22.335+0000] {sql.py:520} INFO - Rows affected: 1
[2025-03-06T06:00:22.336+0000] {sql.py:511} INFO - Running statement: 
            INSERT INTO mlbooks (title, price, author, created_at)
            VALUES (
                'Machine Learning for Absolute Beginners: A Plain Englis...', 
                '₹441', 
                'Hardcover, Oliver Theobald',
                to_char(NOW(), 'DD/MM/YYYY HH24:MI')
            );
            , parameters: None
[2025-03-06T06:00:22.337+0000] {sql.py:520} INFO - Rows affected: 1
[2025-03-06T06:00:22.339+0000] {sql.py:511} INFO - Running statement: 
            INSERT INTO mlbooks (title, price, author, created_at)
            VALUES (
                'MACHINE LEARNING - VEI (Special Edition)  - Machine Lea...', 
                '₹221', 
                'Paperback, Justin Hanson',
                to_char(NOW(), 'DD/MM/YYYY HH24:MI')
            );
            , parameters: None
[2025-03-06T06:00:22.340+0000] {sql.py:520} INFO - Rows affected: 1
[2025-03-06T06:00:22.341+0000] {sql.py:511} INFO - Running statement: 
            INSERT INTO mlbooks (title, price, author, created_at)
            VALUES (
                'Machine Learning with R', 
                '₹3,876', 
                'English, Electronic book text, Lantz Brett',
                to_char(NOW(), 'DD/MM/YYYY HH24:MI')
            );
            , parameters: None
[2025-03-06T06:00:22.342+0000] {sql.py:520} INFO - Rows affected: 1
[2025-03-06T06:00:22.343+0000] {sql.py:511} INFO - Running statement: 
            INSERT INTO mlbooks (title, price, author, created_at)
            VALUES (
                'Python Machine Learning -', 
                '₹2,799', 
                'English, Electronic book text, Raschka Sebastian',
                to_char(NOW(), 'DD/MM/YYYY HH24:MI')
            );
            , parameters: None
[2025-03-06T06:00:22.345+0000] {sql.py:520} INFO - Rows affected: 1
[2025-03-06T06:00:22.346+0000] {sql.py:511} INFO - Running statement: 
            INSERT INTO mlbooks (title, price, author, created_at)
            VALUES (
                'A Brief History of Intelligence', 
                '₹569', 
                'English, Paperback, Bennett Max',
                to_char(NOW(), 'DD/MM/YYYY HH24:MI')
            );
            , parameters: None
[2025-03-06T06:00:22.347+0000] {sql.py:520} INFO - Rows affected: 1
[2025-03-06T06:00:22.348+0000] {sql.py:511} INFO - Running statement: 
            INSERT INTO mlbooks (title, price, author, created_at)
            VALUES (
                'What to Think About Machines That Think', 
                '₹730', 
                'English, Paperback, Brockman John',
                to_char(NOW(), 'DD/MM/YYYY HH24:MI')
            );
            , parameters: None
[2025-03-06T06:00:22.350+0000] {sql.py:520} INFO - Rows affected: 1
[2025-03-06T06:00:22.351+0000] {sql.py:511} INFO - Running statement: 
            INSERT INTO mlbooks (title, price, author, created_at)
            VALUES (
                'Data Science and Machine Learning using Python', 
                '₹581', 
                'Paperback, Reema Thareja',
                to_char(NOW(), 'DD/MM/YYYY HH24:MI')
            );
            , parameters: None
[2025-03-06T06:00:22.353+0000] {sql.py:520} INFO - Rows affected: 1
[2025-03-06T06:00:22.354+0000] {sql.py:511} INFO - Running statement: 
            INSERT INTO mlbooks (title, price, author, created_at)
            VALUES (
                'Designing Machine Learning Systems: An Iterative Proces...', 
                '₹1,346', 
                'Paperback, Chip Huyen',
                to_char(NOW(), 'DD/MM/YYYY HH24:MI')
            );
            , parameters: None
[2025-03-06T06:00:22.355+0000] {sql.py:520} INFO - Rows affected: 1
[2025-03-06T06:00:22.358+0000] {sql.py:511} INFO - Running statement: 
            INSERT INTO mlbooks (title, price, author, created_at)
            VALUES (
                'Python Artificial Intelligence Projects for Beginners', 
                '₹1,715', 
                'English, Paperback, Eckroth Dr. Joshua',
                to_char(NOW(), 'DD/MM/YYYY HH24:MI')
            );
            , parameters: None
[2025-03-06T06:00:22.359+0000] {sql.py:520} INFO - Rows affected: 1
[2025-03-06T06:00:22.361+0000] {sql.py:511} INFO - Running statement: 
            INSERT INTO mlbooks (title, price, author, created_at)
            VALUES (
                'Multisensor Fusion', 
                '₹24,819', 
                'English, Hardcover, unknown',
                to_char(NOW(), 'DD/MM/YYYY HH24:MI')
            );
            , parameters: None
[2025-03-06T06:00:22.362+0000] {sql.py:520} INFO - Rows affected: 1
[2025-03-06T06:00:22.365+0000] {warnings.py:112} WARNING - /home/***/.local/lib/python3.12/site-packages/***/providers/common/sql/hooks/sql.py:486: DeprecationWarning: Import of return_single_query_results from the '***.providers.common.sql.hooks' module is deprecated and will
be removed in the future. Please import it from '***.providers.common.sql.hooks.handlers'.
  if return_single_query_results(sql, return_last, split_statements):

[2025-03-06T06:00:22.368+0000] {warnings.py:112} WARNING - /home/***/.local/lib/python3.12/site-packages/***/providers/common/sql/operators/sql.py:311: DeprecationWarning: Import of return_single_query_results from the '***.providers.common.sql.hooks' module is deprecated and will
be removed in the future. Please import it from '***.providers.common.sql.hooks.handlers'.
  if return_single_query_results(self.sql, self.return_last, self.split_statements):

[2025-03-06T06:00:22.370+0000] {sql.py:317} INFO - result: [None, None, None, None, None, None, None, None, None, None, None, None, None, None, None, None, None, None, None, None, None, None, None, None, None, None, None, None, None, None, None, None, None, None, None, None, None, None, None, None, None, None, None, None, None, None, None, None, None, None]
[2025-03-06T06:00:22.406+0000] {taskinstance.py:341} INFO - ::group::Post task execution logs
[2025-03-06T06:00:22.407+0000] {taskinstance.py:353} INFO - Marking task as SUCCESS. dag_id=mlbooksdb_flipkart, task_id=insert_book_data, run_id=manual__2025-03-06T05:52:03.716242+00:00, execution_date=20250306T055203, start_date=20250306T060021, end_date=20250306T060022
[2025-03-06T06:00:22.433+0000] {logging_mixin.py:190} INFO - Task instance in success state
[2025-03-06T06:00:22.434+0000] {logging_mixin.py:190} INFO -  Previous state of the Task instance: running
[2025-03-06T06:00:22.435+0000] {logging_mixin.py:190} INFO - Dag name:mlbooksdb_flipkart queued_at:2025-03-06 05:52:04.121442+00:00
[2025-03-06T06:00:22.436+0000] {logging_mixin.py:190} INFO - Task hostname:3f07eaa845dd operator:SQLExecuteQueryOperator
[2025-03-06T06:00:22.444+0000] {local_task_job_runner.py:266} INFO - Task exited with return code 0
[2025-03-06T06:00:22.459+0000] {taskinstance.py:3901} INFO - 0 downstream tasks scheduled from follow-on schedule check
[2025-03-06T06:00:22.462+0000] {local_task_job_runner.py:245} INFO - ::endgroup::
