[2025-03-06T06:08:10.611+0000] {local_task_job_runner.py:123} INFO - ::group::Pre task execution logs
[2025-03-06T06:08:10.627+0000] {taskinstance.py:2614} INFO - Dependencies all met for dep_context=non-requeueable deps ti=<TaskInstance: mlbooksdb_flipkart.fetch_mlbooks_data manual__2025-03-06T06:08:04.475799+00:00 [queued]>
[2025-03-06T06:08:10.634+0000] {taskinstance.py:2614} INFO - Dependencies all met for dep_context=requeueable deps ti=<TaskInstance: mlbooksdb_flipkart.fetch_mlbooks_data manual__2025-03-06T06:08:04.475799+00:00 [queued]>
[2025-03-06T06:08:10.635+0000] {taskinstance.py:2867} INFO - Starting attempt 1 of 2
[2025-03-06T06:08:10.647+0000] {taskinstance.py:2890} INFO - Executing <Task(PythonOperator): fetch_mlbooks_data> on 2025-03-06 06:08:04.475799+00:00
[2025-03-06T06:08:10.654+0000] {warnings.py:112} WARNING - /home/***/.local/lib/python3.12/site-packages/***/task/task_runner/standard_task_runner.py:70: DeprecationWarning: This process (pid=705) is multi-threaded, use of fork() may lead to deadlocks in the child.
  pid = os.fork()

[2025-03-06T06:08:10.656+0000] {standard_task_runner.py:72} INFO - Started process 707 to run task
[2025-03-06T06:08:10.655+0000] {standard_task_runner.py:104} INFO - Running: ['***', 'tasks', 'run', 'mlbooksdb_flipkart', 'fetch_mlbooks_data', 'manual__2025-03-06T06:08:04.475799+00:00', '--job-id', '33', '--raw', '--subdir', 'DAGS_FOLDER/buildmlbooksdb.py', '--cfg-path', '/tmp/tmpwfa3p9gd']
[2025-03-06T06:08:10.657+0000] {standard_task_runner.py:105} INFO - Job 33: Subtask fetch_mlbooks_data
[2025-03-06T06:08:10.700+0000] {task_command.py:467} INFO - Running <TaskInstance: mlbooksdb_flipkart.fetch_mlbooks_data manual__2025-03-06T06:08:04.475799+00:00 [running]> on host 3f07eaa845dd
[2025-03-06T06:08:10.775+0000] {taskinstance.py:3134} INFO - Exporting env vars: AIRFLOW_CTX_DAG_OWNER='***' AIRFLOW_CTX_DAG_ID='mlbooksdb_flipkart' AIRFLOW_CTX_TASK_ID='fetch_mlbooks_data' AIRFLOW_CTX_EXECUTION_DATE='2025-03-06T06:08:04.475799+00:00' AIRFLOW_CTX_TRY_NUMBER='1' AIRFLOW_CTX_DAG_RUN_ID='manual__2025-03-06T06:08:04.475799+00:00'
[2025-03-06T06:08:10.776+0000] {logging_mixin.py:190} INFO - Task instance is in running state
[2025-03-06T06:08:10.777+0000] {logging_mixin.py:190} INFO -  Previous state of the Task instance: queued
[2025-03-06T06:08:10.778+0000] {logging_mixin.py:190} INFO - Current task name:fetch_mlbooks_data state:running start_date:2025-03-06 06:08:10.627856+00:00
[2025-03-06T06:08:10.778+0000] {logging_mixin.py:190} INFO - Dag name:mlbooksdb_flipkart and current dag run status:running
[2025-03-06T06:08:10.779+0000] {taskinstance.py:732} INFO - ::endgroup::
[2025-03-06T06:08:12.971+0000] {logging_mixin.py:190} INFO - Total books fetched: 50
[2025-03-06T06:08:12.990+0000] {python.py:240} INFO - Done. Returned value was: None
[2025-03-06T06:08:13.002+0000] {taskinstance.py:341} INFO - ::group::Post task execution logs
[2025-03-06T06:08:13.003+0000] {taskinstance.py:353} INFO - Marking task as SUCCESS. dag_id=mlbooksdb_flipkart, task_id=fetch_mlbooks_data, run_id=manual__2025-03-06T06:08:04.475799+00:00, execution_date=20250306T060804, start_date=20250306T060810, end_date=20250306T060813
[2025-03-06T06:08:13.032+0000] {logging_mixin.py:190} INFO - Task instance in success state
[2025-03-06T06:08:13.033+0000] {logging_mixin.py:190} INFO -  Previous state of the Task instance: running
[2025-03-06T06:08:13.033+0000] {logging_mixin.py:190} INFO - Dag name:mlbooksdb_flipkart queued_at:2025-03-06 06:08:04.761797+00:00
[2025-03-06T06:08:13.034+0000] {logging_mixin.py:190} INFO - Task hostname:3f07eaa845dd operator:PythonOperator
[2025-03-06T06:08:13.046+0000] {local_task_job_runner.py:266} INFO - Task exited with return code 0
[2025-03-06T06:08:13.073+0000] {taskinstance.py:3901} INFO - 1 downstream tasks scheduled from follow-on schedule check
[2025-03-06T06:08:13.075+0000] {local_task_job_runner.py:245} INFO - ::endgroup::
